Info: Starting: Create block symbol file (.bsf)
Info: qsys-generate F:\FPGADesign\ECEN3002_Lab1\ISSP.qsys --block-symbol-file --output-directory=F:\FPGADesign\ECEN3002_Lab1\ISSP --family="Cyclone V" --part=5CSXFC6D6F31C6
Progress: Loading ECEN3002_Lab1/ISSP.qsys
Progress: Reading input file
Progress: Adding in_system_sources_probes_0 [altera_in_system_sources_probes 20.1]
Progress: Parameterizing module in_system_sources_probes_0
Progress: Building connections
Progress: Parameterizing connections
Progress: Validating
Progress: Done reading input file
Info: qsys-generate succeeded.
Info: Finished: Create block symbol file (.bsf)
Info: 
Info: Starting: Create HDL design files for synthesis
Info: qsys-generate F:\FPGADesign\ECEN3002_Lab1\ISSP.qsys --synthesis=VERILOG --output-directory=F:\FPGADesign\ECEN3002_Lab1\ISSP\synthesis --family="Cyclone V" --part=5CSXFC6D6F31C6
Progress: Loading ECEN3002_Lab1/ISSP.qsys
Progress: Reading input file
Progress: Adding in_system_sources_probes_0 [altera_in_system_sources_probes 20.1]
Progress: Parameterizing module in_system_sources_probes_0
Progress: Building connections
Progress: Parameterizing connections
Progress: Validating
Progress: Done reading input file
Info: ISSP: Generating ISSP "ISSP" for QUARTUS_SYNTH
Info: in_system_sources_probes_0: "ISSP" instantiated altera_in_system_sources_probes "in_system_sources_probes_0"
Info: ISSP: Done "ISSP" with 2 modules, 2 files
Info: qsys-generate succeeded.
Info: Finished: Create HDL design files for synthesis
