Flow report for Project2
Fri Nov 27 11:27:41 2020
Quartus Prime Version 20.1.0 Build 711 06/05/2020 SJ Standard Edition


---------------------
; Table of Contents ;
---------------------
  1. Legal Notice
  2. Flow Summary
  3. Flow Settings
  4. Flow Non-Default Global Settings
  5. Flow Elapsed Time
  6. Flow OS Summary
  7. Flow Log
  8. Flow Messages
  9. Flow Suppressed Messages



----------------
; Legal Notice ;
----------------
Copyright (C) 2020  Intel Corporation. All rights reserved.
Your use of Intel Corporation's design tools, logic functions 
and other software and tools, and any partner logic 
functions, and any output files from any of the foregoing 
(including device programming or simulation files), and any 
associated documentation or information are expressly subject 
to the terms and conditions of the Intel Program License 
Subscription Agreement, the Intel Quartus Prime License Agreement,
the Intel FPGA IP License Agreement, or other applicable license
agreement, including, without limitation, that your use is for
the sole purpose of programming logic devices manufactured by
Intel and sold by Intel or its authorized distributors.  Please
refer to the applicable agreement for further details, at
https://fpgasoftware.intel.com/eula.



+-----------------------------------------------------------------------------------+
; Flow Summary                                                                      ;
+---------------------------------+-------------------------------------------------+
; Flow Status                     ; Successful - Fri Nov 27 11:27:41 2020           ;
; Quartus Prime Version           ; 20.1.0 Build 711 06/05/2020 SJ Standard Edition ;
; Revision Name                   ; Project2                                        ;
; Top-level Entity Name           ; Project2                                        ;
; Family                          ; Cyclone V                                       ;
; Device                          ; 5CSXFC6D6F31C6                                  ;
; Timing Models                   ; Final                                           ;
; Logic utilization (in ALMs)     ; 13 / 41,910 ( < 1 % )                           ;
; Total registers                 ; 12                                              ;
; Total pins                      ; 78 / 499 ( 16 % )                               ;
; Total virtual pins              ; 0                                               ;
; Total block memory bits         ; 0 / 5,662,720 ( 0 % )                           ;
; Total DSP Blocks                ; 0 / 112 ( 0 % )                                 ;
; Total HSSI RX PCSs              ; 0 / 9 ( 0 % )                                   ;
; Total HSSI PMA RX Deserializers ; 0 / 9 ( 0 % )                                   ;
; Total HSSI TX PCSs              ; 0 / 9 ( 0 % )                                   ;
; Total HSSI PMA TX Serializers   ; 0 / 9 ( 0 % )                                   ;
; Total PLLs                      ; 1 / 15 ( 7 % )                                  ;
; Total DLLs                      ; 0 / 4 ( 0 % )                                   ;
+---------------------------------+-------------------------------------------------+


+-----------------------------------------+
; Flow Settings                           ;
+-------------------+---------------------+
; Option            ; Setting             ;
+-------------------+---------------------+
; Start date & time ; 11/27/2020 11:26:44 ;
; Main task         ; Compilation         ;
; Revision Name     ; Project2            ;
+-------------------+---------------------+


+----------------------------------------------------------------------------------------------------------------------------------------------+
; Flow Non-Default Global Settings                                                                                                             ;
+--------------------------------------+--------------------------------------------------------+---------------+-------------+----------------+
; Assignment Name                      ; Value                                                  ; Default Value ; Entity Name ; Section Id     ;
+--------------------------------------+--------------------------------------------------------+---------------+-------------+----------------+
; COMPILER_SIGNATURE_ID                ; 207432540240832.160650160408654                        ; --            ; --          ; --             ;
; EDA_DESIGN_INSTANCE_NAME             ; NA                                                     ; --            ; --          ; tb             ;
; EDA_NATIVELINK_SIMULATION_TEST_BENCH ; tb                                                     ; --            ; --          ; eda_simulation ;
; EDA_OUTPUT_DATA_FORMAT               ; Verilog Hdl                                            ; --            ; --          ; eda_simulation ;
; EDA_SIMULATION_TOOL                  ; ModelSim-Altera (Verilog)                              ; <None>        ; --          ; --             ;
; EDA_TEST_BENCH_ENABLE_STATUS         ; TEST_BENCH_MODE                                        ; --            ; --          ; eda_simulation ;
; EDA_TEST_BENCH_FILE                  ; ../Source/tb.v                                         ; --            ; --          ; tb             ;
; EDA_TEST_BENCH_MODULE_NAME           ; tb                                                     ; --            ; --          ; tb             ;
; EDA_TEST_BENCH_NAME                  ; tb                                                     ; --            ; --          ; eda_simulation ;
; EDA_TIME_SCALE                       ; 1 ps                                                   ; --            ; --          ; eda_simulation ;
; MAX_CORE_JUNCTION_TEMP               ; 85                                                     ; --            ; --          ; --             ;
; MIN_CORE_JUNCTION_TEMP               ; 0                                                      ; --            ; --          ; --             ;
; MISC_FILE                            ; issp/synthesis/../issp.cmp                             ; --            ; --          ; --             ;
; MISC_FILE                            ; issp/synthesis/../../issp.qsys                         ; --            ; --          ; --             ;
; MISC_FILE                            ; pll.cmp                                                ; --            ; --          ; --             ;
; MISC_FILE                            ; pll_sim/pll.vo                                         ; --            ; --          ; --             ;
; MISC_FILE                            ; rom_bb.v                                               ; --            ; --          ; --             ;
; PARTITION_COLOR                      ; -- (Not supported for targeted family)                 ; --            ; --          ; Top            ;
; PARTITION_FITTER_PRESERVATION_LEVEL  ; -- (Not supported for targeted family)                 ; --            ; --          ; Top            ;
; PARTITION_NETLIST_TYPE               ; -- (Not supported for targeted family)                 ; --            ; --          ; Top            ;
; POWER_BOARD_THERMAL_MODEL            ; None (CONSERVATIVE)                                    ; --            ; --          ; --             ;
; POWER_PRESET_COOLING_SOLUTION        ; 23 MM HEAT SINK WITH 200 LFPM AIRFLOW                  ; --            ; --          ; --             ;
; SLD_FILE                             ; issp/synthesis/issp.debuginfo                          ; --            ; --          ; --             ;
; SLD_INFO                             ; QSYS_NAME issp HAS_SOPCINFO 1 GENERATION_ID 1605222640 ; --            ; issp        ; --             ;
; SOPCINFO_FILE                        ; issp/synthesis/../../issp.sopcinfo                     ; --            ; --          ; --             ;
; SPD_FILE                             ; pll.spd                                                ; --            ; --          ; --             ;
; SYNTHESIS_ONLY_QIP                   ; On                                                     ; --            ; --          ; --             ;
; SYNTHESIS_ONLY_QIP                   ; On                                                     ; --            ; --          ; --             ;
+--------------------------------------+--------------------------------------------------------+---------------+-------------+----------------+


+--------------------------------------------------------------------------------------------------------------------------+
; Flow Elapsed Time                                                                                                        ;
+----------------------+--------------+-------------------------+---------------------+------------------------------------+
; Module Name          ; Elapsed Time ; Average Processors Used ; Peak Virtual Memory ; Total CPU Time (on all processors) ;
+----------------------+--------------+-------------------------+---------------------+------------------------------------+
; Analysis & Synthesis ; 00:00:07     ; 1.0                     ; 494 MB              ; 00:00:19                           ;
; Fitter               ; 00:00:34     ; 1.0                     ; 1919 MB             ; 00:00:59                           ;
; Assembler            ; 00:00:06     ; 1.0                     ; 529 MB              ; 00:00:06                           ;
; Timing Analyzer      ; 00:00:05     ; 1.0                     ; 858 MB              ; 00:00:05                           ;
; EDA Netlist Writer   ; 00:00:01     ; 1.0                     ; 812 MB              ; 00:00:01                           ;
; Total                ; 00:00:53     ; --                      ; --                  ; 00:01:30                           ;
+----------------------+--------------+-------------------------+---------------------+------------------------------------+


+----------------------------------------------------------------------------------------+
; Flow OS Summary                                                                        ;
+----------------------+------------------+----------------+------------+----------------+
; Module Name          ; Machine Hostname ; OS Name        ; OS Version ; Processor type ;
+----------------------+------------------+----------------+------------+----------------+
; Analysis & Synthesis ; the-daedalus     ; Ubuntu 18.04.4 ; 18         ; x86_64         ;
; Fitter               ; the-daedalus     ; Ubuntu 18.04.4 ; 18         ; x86_64         ;
; Assembler            ; the-daedalus     ; Ubuntu 18.04.4 ; 18         ; x86_64         ;
; Timing Analyzer      ; the-daedalus     ; Ubuntu 18.04.4 ; 18         ; x86_64         ;
; EDA Netlist Writer   ; the-daedalus     ; Ubuntu 18.04.4 ; 18         ; x86_64         ;
+----------------------+------------------+----------------+------------+----------------+


------------
; Flow Log ;
------------
quartus_map --read_settings_files=on --write_settings_files=off Project2 -c Project2
quartus_fit --read_settings_files=off --write_settings_files=off Project2 -c Project2
quartus_asm --read_settings_files=off --write_settings_files=off Project2 -c Project2
quartus_sta Project2 -c Project2
quartus_eda --read_settings_files=off --write_settings_files=off Project2 -c Project2



