Flow report for Final_3002
Fri Dec 11 08:52:18 2020
Quartus Prime Version 20.1.0 Build 711 06/05/2020 SJ Standard Edition


---------------------
; Table of Contents ;
---------------------
  1. Legal Notice
  2. Flow Summary
  3. Flow Settings
  4. Flow Non-Default Global Settings
  5. Flow Elapsed Time
  6. Flow OS Summary
  7. Flow Log
  8. Flow Messages
  9. Flow Suppressed Messages



----------------
; Legal Notice ;
----------------
Copyright (C) 2020  Intel Corporation. All rights reserved.
Your use of Intel Corporation's design tools, logic functions 
and other software and tools, and any partner logic 
functions, and any output files from any of the foregoing 
(including device programming or simulation files), and any 
associated documentation or information are expressly subject 
to the terms and conditions of the Intel Program License 
Subscription Agreement, the Intel Quartus Prime License Agreement,
the Intel FPGA IP License Agreement, or other applicable license
agreement, including, without limitation, that your use is for
the sole purpose of programming logic devices manufactured by
Intel and sold by Intel or its authorized distributors.  Please
refer to the applicable agreement for further details, at
https://fpgasoftware.intel.com/eula.



+-----------------------------------------------------------------------------------+
; Flow Summary                                                                      ;
+---------------------------------+-------------------------------------------------+
; Flow Status                     ; Successful - Fri Dec 11 08:52:18 2020           ;
; Quartus Prime Version           ; 20.1.0 Build 711 06/05/2020 SJ Standard Edition ;
; Revision Name                   ; Final_3002                                      ;
; Top-level Entity Name           ; Final_3002                                      ;
; Family                          ; Cyclone V                                       ;
; Device                          ; 5CSXFC6D6F31C6                                  ;
; Timing Models                   ; Final                                           ;
; Logic utilization (in ALMs)     ; 15 / 41,910 ( < 1 % )                           ;
; Total registers                 ; 31                                              ;
; Total pins                      ; 48 / 499 ( 10 % )                               ;
; Total virtual pins              ; 0                                               ;
; Total block memory bits         ; 0 / 5,662,720 ( 0 % )                           ;
; Total DSP Blocks                ; 0 / 112 ( 0 % )                                 ;
; Total HSSI RX PCSs              ; 0 / 9 ( 0 % )                                   ;
; Total HSSI PMA RX Deserializers ; 0 / 9 ( 0 % )                                   ;
; Total HSSI TX PCSs              ; 0 / 9 ( 0 % )                                   ;
; Total HSSI PMA TX Serializers   ; 0 / 9 ( 0 % )                                   ;
; Total PLLs                      ; 1 / 15 ( 7 % )                                  ;
; Total DLLs                      ; 0 / 4 ( 0 % )                                   ;
+---------------------------------+-------------------------------------------------+


+-----------------------------------------+
; Flow Settings                           ;
+-------------------+---------------------+
; Option            ; Setting             ;
+-------------------+---------------------+
; Start date & time ; 12/11/2020 08:51:25 ;
; Main task         ; Compilation         ;
; Revision Name     ; Final_3002          ;
+-------------------+---------------------+


+----------------------------------------------------------------------------------------------------------------------------------------------------------+
; Flow Non-Default Global Settings                                                                                                                         ;
+--------------------------------------+--------------------------------------------------------------------+---------------+-------------+----------------+
; Assignment Name                      ; Value                                                              ; Default Value ; Entity Name ; Section Id     ;
+--------------------------------------+--------------------------------------------------------------------+---------------+-------------+----------------+
; COMPILER_SIGNATURE_ID                ; 198112243637453.160770188535552                                    ; --            ; --          ; --             ;
; EDA_DESIGN_INSTANCE_NAME             ; NA                                                                 ; --            ; --          ; tb             ;
; EDA_NATIVELINK_SIMULATION_TEST_BENCH ; tb                                                                 ; --            ; --          ; eda_simulation ;
; EDA_OUTPUT_DATA_FORMAT               ; Verilog Hdl                                                        ; --            ; --          ; eda_simulation ;
; EDA_SIMULATION_TOOL                  ; ModelSim-Altera (Verilog)                                          ; <None>        ; --          ; --             ;
; EDA_TEST_BENCH_ENABLE_STATUS         ; TEST_BENCH_MODE                                                    ; --            ; --          ; eda_simulation ;
; EDA_TEST_BENCH_FILE                  ; ../source/tb.v                                                     ; --            ; --          ; tb             ;
; EDA_TEST_BENCH_MODULE_NAME           ; tb                                                                 ; --            ; --          ; tb             ;
; EDA_TEST_BENCH_NAME                  ; tb                                                                 ; --            ; --          ; eda_simulation ;
; EDA_TIME_SCALE                       ; 1 ps                                                               ; --            ; --          ; eda_simulation ;
; MAX_CORE_JUNCTION_TEMP               ; 85                                                                 ; --            ; --          ; --             ;
; MIN_CORE_JUNCTION_TEMP               ; 0                                                                  ; --            ; --          ; --             ;
; MISC_FILE                            ; issp/synthesis/../issp.cmp                                         ; --            ; --          ; --             ;
; MISC_FILE                            ; issp/synthesis/../../issp.qsys                                     ; --            ; --          ; --             ;
; MISC_FILE                            ; issp/simulation/../../issp.qsys                                    ; --            ; --          ; --             ;
; MISC_FILE                            ; issp/simulation/issp.v                                             ; --            ; --          ; --             ;
; MISC_FILE                            ; issp/simulation/submodules/altsource_probe.v                       ; --            ; --          ; --             ;
; MISC_FILE                            ; jtag_pll/simulation/../../jtag_pll.qsys                            ; --            ; --          ; --             ;
; MISC_FILE                            ; jtag_pll/simulation/jtag_pll.v                                     ; --            ; --          ; --             ;
; MISC_FILE                            ; jtag_pll/simulation/submodules/altera_reset_controller.v           ; --            ; --          ; --             ;
; MISC_FILE                            ; jtag_pll/simulation/submodules/altera_reset_synchronizer.v         ; --            ; --          ; --             ;
; MISC_FILE                            ; jtag_pll/simulation/submodules/altera_reset_controller.sdc         ; --            ; --          ; --             ;
; MISC_FILE                            ; jtag_pll/simulation/submodules/jtag_pll_mm_interconnect_0.v        ; --            ; --          ; --             ;
; MISC_FILE                            ; jtag_pll/simulation/submodules/altera_merlin_slave_translator.sv   ; --            ; --          ; --             ;
; MISC_FILE                            ; jtag_pll/simulation/submodules/altera_merlin_master_translator.sv  ; --            ; --          ; --             ;
; MISC_FILE                            ; jtag_pll/simulation/submodules/altera_pll_reconfig_top.v           ; --            ; --          ; --             ;
; MISC_FILE                            ; jtag_pll/simulation/submodules/altera_pll_reconfig_core.v          ; --            ; --          ; --             ;
; MISC_FILE                            ; jtag_pll/simulation/submodules/altera_std_synchronizer.v           ; --            ; --          ; --             ;
; MISC_FILE                            ; jtag_pll/simulation/submodules/jtag_pll_pll_0.vo                   ; --            ; --          ; --             ;
; MISC_FILE                            ; jtag_pll/simulation/submodules/jtag_pll_master_0.v                 ; --            ; --          ; --             ;
; MISC_FILE                            ; jtag_pll/simulation/submodules/jtag_pll_master_0_p2b_adapter.sv    ; --            ; --          ; --             ;
; MISC_FILE                            ; jtag_pll/simulation/submodules/jtag_pll_master_0_b2p_adapter.sv    ; --            ; --          ; --             ;
; MISC_FILE                            ; jtag_pll/simulation/submodules/altera_avalon_packets_to_master.v   ; --            ; --          ; --             ;
; MISC_FILE                            ; jtag_pll/simulation/submodules/altera_avalon_st_packets_to_bytes.v ; --            ; --          ; --             ;
; MISC_FILE                            ; jtag_pll/simulation/submodules/altera_avalon_st_bytes_to_packets.v ; --            ; --          ; --             ;
; MISC_FILE                            ; jtag_pll/simulation/submodules/altera_avalon_sc_fifo.v             ; --            ; --          ; --             ;
; MISC_FILE                            ; jtag_pll/simulation/submodules/jtag_pll_master_0_timing_adt.sv     ; --            ; --          ; --             ;
; MISC_FILE                            ; jtag_pll/simulation/submodules/altera_avalon_st_jtag_interface.v   ; --            ; --          ; --             ;
; MISC_FILE                            ; jtag_pll/simulation/submodules/altera_jtag_dc_streaming.v          ; --            ; --          ; --             ;
; MISC_FILE                            ; jtag_pll/simulation/submodules/altera_jtag_sld_node.v              ; --            ; --          ; --             ;
; MISC_FILE                            ; jtag_pll/simulation/submodules/altera_jtag_streaming.v             ; --            ; --          ; --             ;
; MISC_FILE                            ; jtag_pll/simulation/submodules/altera_avalon_st_clock_crosser.v    ; --            ; --          ; --             ;
; MISC_FILE                            ; jtag_pll/simulation/submodules/altera_std_synchronizer_nocut.v     ; --            ; --          ; --             ;
; MISC_FILE                            ; jtag_pll/simulation/submodules/altera_avalon_st_pipeline_base.v    ; --            ; --          ; --             ;
; MISC_FILE                            ; jtag_pll/simulation/submodules/altera_avalon_st_idle_remover.v     ; --            ; --          ; --             ;
; MISC_FILE                            ; jtag_pll/simulation/submodules/altera_avalon_st_idle_inserter.v    ; --            ; --          ; --             ;
; MISC_FILE                            ; jtag_pll/simulation/submodules/altera_avalon_st_pipeline_stage.sv  ; --            ; --          ; --             ;
; MISC_FILE                            ; jtag_pll/simulation/submodules/altera_avalon_st_jtag_interface.sdc ; --            ; --          ; --             ;
; MISC_FILE                            ; jtag_pll/synthesis/../jtag_pll.cmp                                 ; --            ; --          ; --             ;
; MISC_FILE                            ; jtag_pll/synthesis/../../jtag_pll.qsys                             ; --            ; --          ; --             ;
; MISC_FILE                            ; pll.cmp                                                            ; --            ; --          ; --             ;
; MISC_FILE                            ; pll_sim/pll.vo                                                     ; --            ; --          ; --             ;
; PARTITION_COLOR                      ; -- (Not supported for targeted family)                             ; --            ; --          ; Top            ;
; PARTITION_FITTER_PRESERVATION_LEVEL  ; -- (Not supported for targeted family)                             ; --            ; --          ; Top            ;
; PARTITION_NETLIST_TYPE               ; -- (Not supported for targeted family)                             ; --            ; --          ; Top            ;
; POST_FLOW_SCRIPT_FILE                ; quartus_sh:../source/prog.tcl                                      ; --            ; --          ; --             ;
; POST_MODULE_SCRIPT_FILE              ; quartus_sh:../source/pins.tcl                                      ; --            ; --          ; --             ;
; POWER_BOARD_THERMAL_MODEL            ; None (CONSERVATIVE)                                                ; --            ; --          ; --             ;
; POWER_PRESET_COOLING_SOLUTION        ; 23 MM HEAT SINK WITH 200 LFPM AIRFLOW                              ; --            ; --          ; --             ;
; SLD_FILE                             ; issp/synthesis/issp.debuginfo                                      ; --            ; --          ; --             ;
; SLD_FILE                             ; jtag_pll/synthesis/jtag_pll.debuginfo                              ; --            ; --          ; --             ;
; SLD_INFO                             ; QSYS_NAME issp HAS_SOPCINFO 1 GENERATION_ID 1595611463             ; --            ; issp        ; --             ;
; SLD_INFO                             ; QSYS_NAME jtag_pll HAS_SOPCINFO 1 GENERATION_ID 1607549958         ; --            ; jtag_pll    ; --             ;
; SOPCINFO_FILE                        ; issp/synthesis/../../issp.sopcinfo                                 ; --            ; --          ; --             ;
; SOPCINFO_FILE                        ; jtag_pll/synthesis/../../jtag_pll.sopcinfo                         ; --            ; --          ; --             ;
; SPD_FILE                             ; issp/simulation/../issp.spd                                        ; --            ; --          ; --             ;
; SPD_FILE                             ; jtag_pll/simulation/../jtag_pll.spd                                ; --            ; --          ; --             ;
; SPD_FILE                             ; pll.spd                                                            ; --            ; --          ; --             ;
; SYNTHESIS_ONLY_QIP                   ; On                                                                 ; --            ; --          ; --             ;
; SYNTHESIS_ONLY_QIP                   ; On                                                                 ; --            ; --          ; --             ;
; SYNTHESIS_ONLY_QIP                   ; On                                                                 ; --            ; --          ; --             ;
+--------------------------------------+--------------------------------------------------------------------+---------------+-------------+----------------+


+--------------------------------------------------------------------------------------------------------------------------+
; Flow Elapsed Time                                                                                                        ;
+----------------------+--------------+-------------------------+---------------------+------------------------------------+
; Module Name          ; Elapsed Time ; Average Processors Used ; Peak Virtual Memory ; Total CPU Time (on all processors) ;
+----------------------+--------------+-------------------------+---------------------+------------------------------------+
; Analysis & Synthesis ; 00:00:07     ; 1.0                     ; 4879 MB             ; 00:00:15                           ;
; Fitter               ; 00:00:28     ; 1.0                     ; 7395 MB             ; 00:01:13                           ;
; Assembler            ; 00:00:05     ; 1.0                     ; 4841 MB             ; 00:00:05                           ;
; Timing Analyzer      ; 00:00:05     ; 1.1                     ; 5259 MB             ; 00:00:05                           ;
; EDA Netlist Writer   ; 00:00:01     ; 1.0                     ; 4829 MB             ; 00:00:01                           ;
; Total                ; 00:00:46     ; --                      ; --                  ; 00:01:39                           ;
+----------------------+--------------+-------------------------+---------------------+------------------------------------+


+------------------------------------------------------------------------------------+
; Flow OS Summary                                                                    ;
+----------------------+------------------+------------+------------+----------------+
; Module Name          ; Machine Hostname ; OS Name    ; OS Version ; Processor type ;
+----------------------+------------------+------------+------------+----------------+
; Analysis & Synthesis ; StargateCommand  ; Windows 10 ; 10.0       ; x86_64         ;
; Fitter               ; StargateCommand  ; Windows 10 ; 10.0       ; x86_64         ;
; Assembler            ; StargateCommand  ; Windows 10 ; 10.0       ; x86_64         ;
; Timing Analyzer      ; StargateCommand  ; Windows 10 ; 10.0       ; x86_64         ;
; EDA Netlist Writer   ; StargateCommand  ; Windows 10 ; 10.0       ; x86_64         ;
+----------------------+------------------+------------+------------+----------------+


------------
; Flow Log ;
------------
quartus_map --read_settings_files=on --write_settings_files=off Final_3002 -c Final_3002
quartus_fit --read_settings_files=off --write_settings_files=off Final_3002 -c Final_3002
quartus_asm --read_settings_files=on --write_settings_files=off Final_3002 -c Final_3002
quartus_sta Final_3002 -c Final_3002
quartus_eda --read_settings_files=off --write_settings_files=off Final_3002 -c Final_3002



