Flow report for adc
Thu Oct 29 17:07:15 2020
Quartus Prime Version 20.1.0 Build 711 06/05/2020 SJ Standard Edition


---------------------
; Table of Contents ;
---------------------
  1. Legal Notice
  2. Flow Summary
  3. Flow Settings
  4. Flow Non-Default Global Settings
  5. Flow Elapsed Time
  6. Flow OS Summary
  7. Flow Log
  8. Flow Messages
  9. Flow Suppressed Messages



----------------
; Legal Notice ;
----------------
Copyright (C) 2020  Intel Corporation. All rights reserved.
Your use of Intel Corporation's design tools, logic functions 
and other software and tools, and any partner logic 
functions, and any output files from any of the foregoing 
(including device programming or simulation files), and any 
associated documentation or information are expressly subject 
to the terms and conditions of the Intel Program License 
Subscription Agreement, the Intel Quartus Prime License Agreement,
the Intel FPGA IP License Agreement, or other applicable license
agreement, including, without limitation, that your use is for
the sole purpose of programming logic devices manufactured by
Intel and sold by Intel or its authorized distributors.  Please
refer to the applicable agreement for further details, at
https://fpgasoftware.intel.com/eula.



+-----------------------------------------------------------------------------------+
; Flow Summary                                                                      ;
+---------------------------------+-------------------------------------------------+
; Flow Status                     ; Successful - Thu Oct 29 17:07:09 2020           ;
; Quartus Prime Version           ; 20.1.0 Build 711 06/05/2020 SJ Standard Edition ;
; Revision Name                   ; adc                                             ;
; Top-level Entity Name           ; adc                                             ;
; Family                          ; Cyclone V                                       ;
; Device                          ; 5CSXFC6D6F31C6                                  ;
; Timing Models                   ; Final                                           ;
; Logic utilization (in ALMs)     ; 70 / 41,910 ( < 1 % )                           ;
; Total registers                 ; 71                                              ;
; Total pins                      ; 73 / 499 ( 15 % )                               ;
; Total virtual pins              ; 0                                               ;
; Total block memory bits         ; 0 / 5,662,720 ( 0 % )                           ;
; Total DSP Blocks                ; 0 / 112 ( 0 % )                                 ;
; Total HSSI RX PCSs              ; 0 / 9 ( 0 % )                                   ;
; Total HSSI PMA RX Deserializers ; 0 / 9 ( 0 % )                                   ;
; Total HSSI TX PCSs              ; 0 / 9 ( 0 % )                                   ;
; Total HSSI PMA TX Serializers   ; 0 / 9 ( 0 % )                                   ;
; Total PLLs                      ; 1 / 15 ( 7 % )                                  ;
; Total DLLs                      ; 0 / 4 ( 0 % )                                   ;
+---------------------------------+-------------------------------------------------+


+-----------------------------------------+
; Flow Settings                           ;
+-------------------+---------------------+
; Option            ; Setting             ;
+-------------------+---------------------+
; Start date & time ; 10/29/2020 17:06:14 ;
; Main task         ; Compilation         ;
; Revision Name     ; adc                 ;
+-------------------+---------------------+


+-------------------------------------------------------------------------------------------------------------------------+
; Flow Non-Default Global Settings                                                                                        ;
+-------------------------------------+----------------------------------------+---------------+-------------+------------+
; Assignment Name                     ; Value                                  ; Default Value ; Entity Name ; Section Id ;
+-------------------------------------+----------------------------------------+---------------+-------------+------------+
; COMPILER_SIGNATURE_ID               ; 207432540240832.160401277413325        ; --            ; --          ; --         ;
; MAX_CORE_JUNCTION_TEMP              ; 85                                     ; --            ; --          ; --         ;
; MIN_CORE_JUNCTION_TEMP              ; 0                                      ; --            ; --          ; --         ;
; MISC_FILE                           ; pll.cmp                                ; --            ; --          ; --         ;
; PARTITION_COLOR                     ; -- (Not supported for targeted family) ; --            ; --          ; Top        ;
; PARTITION_FITTER_PRESERVATION_LEVEL ; -- (Not supported for targeted family) ; --            ; --          ; Top        ;
; PARTITION_NETLIST_TYPE              ; -- (Not supported for targeted family) ; --            ; --          ; Top        ;
; POWER_BOARD_THERMAL_MODEL           ; None (CONSERVATIVE)                    ; --            ; --          ; --         ;
; POWER_PRESET_COOLING_SOLUTION       ; 23 MM HEAT SINK WITH 200 LFPM AIRFLOW  ; --            ; --          ; --         ;
; SYNTHESIS_ONLY_QIP                  ; On                                     ; --            ; --          ; --         ;
; VERILOG_INPUT_VERSION               ; SystemVerilog_2005                     ; Verilog_2001  ; --          ; --         ;
; VERILOG_SHOW_LMF_MAPPING_MESSAGES   ; Off                                    ; --            ; --          ; --         ;
+-------------------------------------+----------------------------------------+---------------+-------------+------------+


+--------------------------------------------------------------------------------------------------------------------------+
; Flow Elapsed Time                                                                                                        ;
+----------------------+--------------+-------------------------+---------------------+------------------------------------+
; Module Name          ; Elapsed Time ; Average Processors Used ; Peak Virtual Memory ; Total CPU Time (on all processors) ;
+----------------------+--------------+-------------------------+---------------------+------------------------------------+
; Analysis & Synthesis ; 00:00:09     ; 1.0                     ; 496 MB              ; 00:00:21                           ;
; Fitter               ; 00:00:38     ; 1.0                     ; 1941 MB             ; 00:01:06                           ;
; Assembler            ; 00:00:05     ; 1.0                     ; 530 MB              ; 00:00:06                           ;
; Timing Analyzer      ; 00:00:05     ; 1.1                     ; 861 MB              ; 00:00:06                           ;
; Total                ; 00:00:57     ; --                      ; --                  ; 00:01:39                           ;
+----------------------+--------------+-------------------------+---------------------+------------------------------------+


+----------------------------------------------------------------------------------------+
; Flow OS Summary                                                                        ;
+----------------------+------------------+----------------+------------+----------------+
; Module Name          ; Machine Hostname ; OS Name        ; OS Version ; Processor type ;
+----------------------+------------------+----------------+------------+----------------+
; Analysis & Synthesis ; the-daedalus     ; Ubuntu 18.04.4 ; 18         ; x86_64         ;
; Fitter               ; the-daedalus     ; Ubuntu 18.04.4 ; 18         ; x86_64         ;
; Assembler            ; the-daedalus     ; Ubuntu 18.04.4 ; 18         ; x86_64         ;
; Timing Analyzer      ; the-daedalus     ; Ubuntu 18.04.4 ; 18         ; x86_64         ;
+----------------------+------------------+----------------+------------+----------------+


------------
; Flow Log ;
------------
quartus_map --read_settings_files=on --write_settings_files=off adc -c adc
quartus_fit --read_settings_files=off --write_settings_files=off adc -c adc
quartus_asm --read_settings_files=off --write_settings_files=off adc -c adc
quartus_sta adc -c adc



