#! /usr/local/bin/vvp
:ivl_version "10.3 (stable)" "(v10_3-19-gfc7d604e)";
:ivl_delay_selection "TYPICAL";
:vpi_time_precision + 0;
:vpi_module "system";
:vpi_module "vhdl_sys";
:vpi_module "v2005_math";
:vpi_module "va_math";
S_0x55acd44c73f0 .scope module, "top" "top" 2 1;
 .timescale 0 0;
    .port_info 0 /INPUT 10 "SW"
    .port_info 1 /INPUT 2 "KEY"
    .port_info 2 /OUTPUT 10 "LEDR"
    .port_info 3 /OUTPUT 8 "HEX0"
    .port_info 4 /OUTPUT 8 "HEX1"
    .port_info 5 /OUTPUT 8 "HEX2"
    .port_info 6 /OUTPUT 8 "HEX3"
    .port_info 7 /OUTPUT 8 "HEX4"
    .port_info 8 /OUTPUT 8 "HEX5"
v0x55acd44c71d0_0 .var "HEX0", 7 0;
v0x55acd44fb100_0 .var "HEX1", 7 0;
v0x55acd44fb1e0_0 .var "HEX2", 7 0;
v0x55acd44fb2a0_0 .var "HEX3", 7 0;
v0x55acd44fb380_0 .var "HEX4", 7 0;
v0x55acd44fb4b0_0 .var "HEX5", 7 0;
o0x7eff62e33138 .functor BUFZ 2, C4<zz>; HiZ drive
v0x55acd44fb590_0 .net "KEY", 1 0, o0x7eff62e33138;  0 drivers
v0x55acd44fb670_0 .var "LEDR", 9 0;
o0x7eff62e33198 .functor BUFZ 10, C4<zzzzzzzzzz>; HiZ drive
v0x55acd44fb750_0 .net "SW", 9 0, o0x7eff62e33198;  0 drivers
# The file index is used to find the file name in the following table.
:file_names 3;
    "N/A";
    "<interactive>";
    "top.v";
