Analysis & Synthesis report for ECEN3002_Lab1
Wed Oct 07 11:21:58 2020
Quartus Prime Version 20.1.0 Build 711 06/05/2020 SJ Standard Edition


---------------------
; Table of Contents ;
---------------------
  1. Legal Notice
  2. Analysis & Synthesis Summary
  3. Analysis & Synthesis Settings
  4. Parallel Compilation
  5. Analysis & Synthesis Source Files Read
  6. Analysis & Synthesis Resource Usage Summary
  7. Analysis & Synthesis Resource Utilization by Entity
  8. Analysis & Synthesis IP Cores Summary
  9. General Register Statistics
 10. Inverted Register Statistics
 11. Multiplexer Restructuring Statistics (Restructuring Performed)
 12. Source assignments for ISSP:issp|altsource_probe_top:in_system_sources_probes_0|altsource_probe:issp_impl|altsource_probe_body:altsource_probe_body_inst|altsource_probe_impl:\equal_width_gen:equal_width_inst
 13. Parameter Settings for User Entity Instance: Top-level Entity: |ECEN3002_Lab1
 14. Parameter Settings for User Entity Instance: ISSP:issp|altsource_probe_top:in_system_sources_probes_0
 15. Parameter Settings for User Entity Instance: ISSP:issp|altsource_probe_top:in_system_sources_probes_0|altsource_probe:issp_impl
 16. Port Connectivity Checks: "ISSP:issp|altsource_probe_top:in_system_sources_probes_0|altsource_probe:issp_impl"
 17. Port Connectivity Checks: "ISSP:issp|altsource_probe_top:in_system_sources_probes_0"
 18. Port Connectivity Checks: "ECEN3002_Lab1_ClockDivider:CD0"
 19. Post-Synthesis Netlist Statistics for Top Partition
 20. Elapsed Time Per Partition
 21. Analysis & Synthesis Messages
 22. Analysis & Synthesis Suppressed Messages



----------------
; Legal Notice ;
----------------
Copyright (C) 2020  Intel Corporation. All rights reserved.
Your use of Intel Corporation's design tools, logic functions 
and other software and tools, and any partner logic 
functions, and any output files from any of the foregoing 
(including device programming or simulation files), and any 
associated documentation or information are expressly subject 
to the terms and conditions of the Intel Program License 
Subscription Agreement, the Intel Quartus Prime License Agreement,
the Intel FPGA IP License Agreement, or other applicable license
agreement, including, without limitation, that your use is for
the sole purpose of programming logic devices manufactured by
Intel and sold by Intel or its authorized distributors.  Please
refer to the applicable agreement for further details, at
https://fpgasoftware.intel.com/eula.



+-----------------------------------------------------------------------------------+
; Analysis & Synthesis Summary                                                      ;
+---------------------------------+-------------------------------------------------+
; Analysis & Synthesis Status     ; Successful - Wed Oct 07 11:21:58 2020           ;
; Quartus Prime Version           ; 20.1.0 Build 711 06/05/2020 SJ Standard Edition ;
; Revision Name                   ; ECEN3002_Lab1                                   ;
; Top-level Entity Name           ; ECEN3002_Lab1                                   ;
; Family                          ; Cyclone V                                       ;
; Logic utilization (in ALMs)     ; N/A                                             ;
; Total registers                 ; 143                                             ;
; Total pins                      ; 70                                              ;
; Total virtual pins              ; 0                                               ;
; Total block memory bits         ; 0                                               ;
; Total DSP Blocks                ; 0                                               ;
; Total HSSI RX PCSs              ; 0                                               ;
; Total HSSI PMA RX Deserializers ; 0                                               ;
; Total HSSI TX PCSs              ; 0                                               ;
; Total HSSI PMA TX Serializers   ; 0                                               ;
; Total PLLs                      ; 0                                               ;
; Total DLLs                      ; 0                                               ;
+---------------------------------+-------------------------------------------------+


+---------------------------------------------------------------------------------------------------------------------------+
; Analysis & Synthesis Settings                                                                                             ;
+---------------------------------------------------------------------------------+--------------------+--------------------+
; Option                                                                          ; Setting            ; Default Value      ;
+---------------------------------------------------------------------------------+--------------------+--------------------+
; Device                                                                          ; 5CSXFC6D6F31C6     ;                    ;
; Top-level entity name                                                           ; ECEN3002_Lab1      ; ECEN3002_Lab1      ;
; Family name                                                                     ; Cyclone V          ; Cyclone V          ;
; Use smart compilation                                                           ; Off                ; Off                ;
; Enable parallel Assembler and Timing Analyzer during compilation                ; On                 ; On                 ;
; Enable compact report table                                                     ; Off                ; Off                ;
; Restructure Multiplexers                                                        ; Auto               ; Auto               ;
; MLAB Add Timing Constraints For Mixed-Port Feed-Through Mode Setting Don't Care ; Off                ; Off                ;
; Create Debugging Nodes for IP Cores                                             ; Off                ; Off                ;
; Preserve fewer node names                                                       ; On                 ; On                 ;
; Intel FPGA IP Evaluation Mode                                                   ; Enable             ; Enable             ;
; Verilog Version                                                                 ; Verilog_2001       ; Verilog_2001       ;
; VHDL Version                                                                    ; VHDL_1993          ; VHDL_1993          ;
; State Machine Processing                                                        ; Auto               ; Auto               ;
; Safe State Machine                                                              ; Off                ; Off                ;
; Extract Verilog State Machines                                                  ; On                 ; On                 ;
; Extract VHDL State Machines                                                     ; On                 ; On                 ;
; Ignore Verilog initial constructs                                               ; Off                ; Off                ;
; Iteration limit for constant Verilog loops                                      ; 5000               ; 5000               ;
; Iteration limit for non-constant Verilog loops                                  ; 250                ; 250                ;
; Add Pass-Through Logic to Inferred RAMs                                         ; On                 ; On                 ;
; Infer RAMs from Raw Logic                                                       ; On                 ; On                 ;
; Parallel Synthesis                                                              ; On                 ; On                 ;
; DSP Block Balancing                                                             ; Auto               ; Auto               ;
; NOT Gate Push-Back                                                              ; On                 ; On                 ;
; Power-Up Don't Care                                                             ; On                 ; On                 ;
; Remove Redundant Logic Cells                                                    ; Off                ; Off                ;
; Remove Duplicate Registers                                                      ; On                 ; On                 ;
; Ignore CARRY Buffers                                                            ; Off                ; Off                ;
; Ignore CASCADE Buffers                                                          ; Off                ; Off                ;
; Ignore GLOBAL Buffers                                                           ; Off                ; Off                ;
; Ignore ROW GLOBAL Buffers                                                       ; Off                ; Off                ;
; Ignore LCELL Buffers                                                            ; Off                ; Off                ;
; Ignore SOFT Buffers                                                             ; On                 ; On                 ;
; Limit AHDL Integers to 32 Bits                                                  ; Off                ; Off                ;
; Optimization Technique                                                          ; Balanced           ; Balanced           ;
; Carry Chain Length                                                              ; 70                 ; 70                 ;
; Auto Carry Chains                                                               ; On                 ; On                 ;
; Auto Open-Drain Pins                                                            ; On                 ; On                 ;
; Perform WYSIWYG Primitive Resynthesis                                           ; Off                ; Off                ;
; Auto ROM Replacement                                                            ; On                 ; On                 ;
; Auto RAM Replacement                                                            ; On                 ; On                 ;
; Auto DSP Block Replacement                                                      ; On                 ; On                 ;
; Auto Shift Register Replacement                                                 ; Auto               ; Auto               ;
; Allow Shift Register Merging across Hierarchies                                 ; Auto               ; Auto               ;
; Auto Clock Enable Replacement                                                   ; On                 ; On                 ;
; Strict RAM Replacement                                                          ; Off                ; Off                ;
; Allow Synchronous Control Signals                                               ; On                 ; On                 ;
; Force Use of Synchronous Clear Signals                                          ; Off                ; Off                ;
; Auto Resource Sharing                                                           ; Off                ; Off                ;
; Allow Any RAM Size For Recognition                                              ; Off                ; Off                ;
; Allow Any ROM Size For Recognition                                              ; Off                ; Off                ;
; Allow Any Shift Register Size For Recognition                                   ; Off                ; Off                ;
; Use LogicLock Constraints during Resource Balancing                             ; On                 ; On                 ;
; Ignore translate_off and synthesis_off directives                               ; Off                ; Off                ;
; Timing-Driven Synthesis                                                         ; On                 ; On                 ;
; Report Parameter Settings                                                       ; On                 ; On                 ;
; Report Source Assignments                                                       ; On                 ; On                 ;
; Report Connectivity Checks                                                      ; On                 ; On                 ;
; Ignore Maximum Fan-Out Assignments                                              ; Off                ; Off                ;
; Synchronization Register Chain Length                                           ; 3                  ; 3                  ;
; Power Optimization During Synthesis                                             ; Normal compilation ; Normal compilation ;
; HDL message level                                                               ; Level2             ; Level2             ;
; Suppress Register Optimization Related Messages                                 ; Off                ; Off                ;
; Number of Removed Registers Reported in Synthesis Report                        ; 5000               ; 5000               ;
; Number of Swept Nodes Reported in Synthesis Report                              ; 5000               ; 5000               ;
; Number of Inverted Registers Reported in Synthesis Report                       ; 100                ; 100                ;
; Clock MUX Protection                                                            ; On                 ; On                 ;
; Auto Gated Clock Conversion                                                     ; Off                ; Off                ;
; Block Design Naming                                                             ; Auto               ; Auto               ;
; SDC constraint protection                                                       ; Off                ; Off                ;
; Synthesis Effort                                                                ; Auto               ; Auto               ;
; Shift Register Replacement - Allow Asynchronous Clear Signal                    ; On                 ; On                 ;
; Pre-Mapping Resynthesis Optimization                                            ; Off                ; Off                ;
; Analysis & Synthesis Message Level                                              ; Medium             ; Medium             ;
; Disable Register Merging Across Hierarchies                                     ; Auto               ; Auto               ;
; Resource Aware Inference For Block RAM                                          ; On                 ; On                 ;
; Automatic Parallel Synthesis                                                    ; On                 ; On                 ;
; Partial Reconfiguration Bitstream ID                                            ; Off                ; Off                ;
+---------------------------------------------------------------------------------+--------------------+--------------------+


+------------------------------------------+
; Parallel Compilation                     ;
+----------------------------+-------------+
; Processors                 ; Number      ;
+----------------------------+-------------+
; Number detected on machine ; 12          ;
; Maximum allowed            ; 12          ;
;                            ;             ;
; Average used               ; 1.00        ;
; Maximum used               ; 12          ;
;                            ;             ;
; Usage by Processor         ; % Time Used ;
;     Processor 1            ; 100.0%      ;
;     Processors 2-12        ;   0.0%      ;
+----------------------------+-------------+


+----------------------------------------------------------------------------------------------------------------------------------------------------------------------------------------------------------------------------------------------------+
; Analysis & Synthesis Source Files Read                                                                                                                                                                                                             ;
+--------------------------------------------------------------------+-----------------+----------------------------------------------+------------------------------------------------------------------------------------------------+-------------+
; File Name with User-Entered Path                                   ; Used in Netlist ; File Type                                    ; File Name with Absolute Path                                                                   ; Library     ;
+--------------------------------------------------------------------+-----------------+----------------------------------------------+------------------------------------------------------------------------------------------------+-------------+
; ISSP/synthesis/ISSP.v                                              ; yes             ; User Verilog HDL File                        ; F:/FPGADesign/ECEN3002_Lab1/ISSP/synthesis/ISSP.v                                              ; ISSP        ;
; ISSP/synthesis/submodules/altsource_probe_top.v                    ; yes             ; User Verilog HDL File                        ; F:/FPGADesign/ECEN3002_Lab1/ISSP/synthesis/submodules/altsource_probe_top.v                    ; ISSP        ;
; ecen3002_lab1.v                                                    ; yes             ; Auto-Found Verilog HDL File                  ; F:/FPGADesign/ECEN3002_Lab1/ecen3002_lab1.v                                                    ;             ;
; ecen3002_lab1_clockdivider.v                                       ; yes             ; Auto-Found Verilog HDL File                  ; F:/FPGADesign/ECEN3002_Lab1/ecen3002_lab1_clockdivider.v                                       ;             ;
; altsource_probe.v                                                  ; yes             ; Megafunction                                 ; d:/intelfpga/20.1/quartus/libraries/megafunctions/altsource_probe.v                            ;             ;
; sld_jtag_endpoint_adapter.vhd                                      ; yes             ; Encrypted Megafunction                       ; d:/intelfpga/20.1/quartus/libraries/megafunctions/sld_jtag_endpoint_adapter.vhd                ;             ;
; sld_jtag_endpoint_adapter_impl.sv                                  ; yes             ; Encrypted Megafunction                       ; d:/intelfpga/20.1/quartus/libraries/megafunctions/sld_jtag_endpoint_adapter_impl.sv            ;             ;
; altsource_probe_body.vhd                                           ; yes             ; Megafunction                                 ; d:/intelfpga/20.1/quartus/libraries/megafunctions/altsource_probe_body.vhd                     ;             ;
; sld_rom_sr.vhd                                                     ; yes             ; Encrypted Megafunction                       ; d:/intelfpga/20.1/quartus/libraries/megafunctions/sld_rom_sr.vhd                               ;             ;
; sld_hub.vhd                                                        ; yes             ; Encrypted Megafunction                       ; d:/intelfpga/20.1/quartus/libraries/megafunctions/sld_hub.vhd                                  ; altera_sld  ;
; db/ip/sld00c63f73/alt_sld_fab.v                                    ; yes             ; Encrypted Auto-Found Verilog HDL File        ; F:/FPGADesign/ECEN3002_Lab1/db/ip/sld00c63f73/alt_sld_fab.v                                    ; alt_sld_fab ;
; db/ip/sld00c63f73/submodules/alt_sld_fab_alt_sld_fab.v             ; yes             ; Encrypted Auto-Found Verilog HDL File        ; F:/FPGADesign/ECEN3002_Lab1/db/ip/sld00c63f73/submodules/alt_sld_fab_alt_sld_fab.v             ; alt_sld_fab ;
; db/ip/sld00c63f73/submodules/alt_sld_fab_alt_sld_fab_ident.sv      ; yes             ; Auto-Found SystemVerilog HDL File            ; F:/FPGADesign/ECEN3002_Lab1/db/ip/sld00c63f73/submodules/alt_sld_fab_alt_sld_fab_ident.sv      ; alt_sld_fab ;
; db/ip/sld00c63f73/submodules/alt_sld_fab_alt_sld_fab_presplit.sv   ; yes             ; Encrypted Auto-Found SystemVerilog HDL File  ; F:/FPGADesign/ECEN3002_Lab1/db/ip/sld00c63f73/submodules/alt_sld_fab_alt_sld_fab_presplit.sv   ; alt_sld_fab ;
; db/ip/sld00c63f73/submodules/alt_sld_fab_alt_sld_fab_sldfabric.vhd ; yes             ; Encrypted Auto-Found VHDL File               ; F:/FPGADesign/ECEN3002_Lab1/db/ip/sld00c63f73/submodules/alt_sld_fab_alt_sld_fab_sldfabric.vhd ; alt_sld_fab ;
; db/ip/sld00c63f73/submodules/alt_sld_fab_alt_sld_fab_splitter.sv   ; yes             ; Encrypted Auto-Found SystemVerilog HDL File  ; F:/FPGADesign/ECEN3002_Lab1/db/ip/sld00c63f73/submodules/alt_sld_fab_alt_sld_fab_splitter.sv   ; alt_sld_fab ;
; sld_jtag_hub.vhd                                                   ; yes             ; Encrypted Megafunction                       ; d:/intelfpga/20.1/quartus/libraries/megafunctions/sld_jtag_hub.vhd                             ;             ;
+--------------------------------------------------------------------+-----------------+----------------------------------------------+------------------------------------------------------------------------------------------------+-------------+


+------------------------------------------------------------------------+
; Analysis & Synthesis Resource Usage Summary                            ;
+---------------------------------------------+--------------------------+
; Resource                                    ; Usage                    ;
+---------------------------------------------+--------------------------+
; Estimate of Logic utilization (ALMs needed) ; 112                      ;
;                                             ;                          ;
; Combinational ALUT usage for logic          ; 198                      ;
;     -- 7 input functions                    ; 2                        ;
;     -- 6 input functions                    ; 21                       ;
;     -- 5 input functions                    ; 39                       ;
;     -- 4 input functions                    ; 28                       ;
;     -- <=3 input functions                  ; 108                      ;
;                                             ;                          ;
; Dedicated logic registers                   ; 143                      ;
;                                             ;                          ;
; I/O pins                                    ; 70                       ;
;                                             ;                          ;
; Total DSP Blocks                            ; 0                        ;
;                                             ;                          ;
; Maximum fan-out node                        ; altera_internal_jtag~TDO ;
; Maximum fan-out                             ; 115                      ;
; Total fan-out                               ; 1229                     ;
; Average fan-out                             ; 2.51                     ;
+---------------------------------------------+--------------------------+


+-----------------------------------------------------------------------------------------------------------------------------------------------------------------------------------------------------------------------------------------------------------------------------------------------------------------------------------------------------------------------------------------------------------------------------------------------------------------------------------------------------------------------------------------------------------------------------------------------------------------------------------------------------------------+
; Analysis & Synthesis Resource Utilization by Entity                                                                                                                                                                                                                                                                                                                                                                                                                                                                                                                                                                                                             ;
+-----------------------------------------------------------------------------------------------------------------------------------------+---------------------+---------------------------+-------------------+------------+------+--------------+-----------------------------------------------------------------------------------------------------------------------------------------------------------------------------------------------------------------------------------------------------------------------------------------------------------------------------------------------------------+-----------------------------------+--------------+
; Compilation Hierarchy Node                                                                                                              ; Combinational ALUTs ; Dedicated Logic Registers ; Block Memory Bits ; DSP Blocks ; Pins ; Virtual Pins ; Full Hierarchy Name                                                                                                                                                                                                                                                                                                                                       ; Entity Name                       ; Library Name ;
+-----------------------------------------------------------------------------------------------------------------------------------------+---------------------+---------------------------+-------------------+------------+------+--------------+-----------------------------------------------------------------------------------------------------------------------------------------------------------------------------------------------------------------------------------------------------------------------------------------------------------------------------------------------------------+-----------------------------------+--------------+
; |ECEN3002_Lab1                                                                                                                          ; 198 (46)            ; 143 (20)                  ; 0                 ; 0          ; 70   ; 0            ; |ECEN3002_Lab1                                                                                                                                                                                                                                                                                                                                            ; ECEN3002_Lab1                     ; work         ;
;    |ECEN3002_Lab1_ClockDivider:CD0|                                                                                                     ; 40 (40)             ; 33 (33)                   ; 0                 ; 0          ; 0    ; 0            ; |ECEN3002_Lab1|ECEN3002_Lab1_ClockDivider:CD0                                                                                                                                                                                                                                                                                                             ; ECEN3002_Lab1_ClockDivider        ; work         ;
;    |ISSP:issp|                                                                                                                          ; 17 (0)              ; 12 (0)                    ; 0                 ; 0          ; 0    ; 0            ; |ECEN3002_Lab1|ISSP:issp                                                                                                                                                                                                                                                                                                                                  ; ISSP                              ; ISSP         ;
;       |altsource_probe_top:in_system_sources_probes_0|                                                                                  ; 17 (0)              ; 12 (0)                    ; 0                 ; 0          ; 0    ; 0            ; |ECEN3002_Lab1|ISSP:issp|altsource_probe_top:in_system_sources_probes_0                                                                                                                                                                                                                                                                                   ; altsource_probe_top               ; ISSP         ;
;          |altsource_probe:issp_impl|                                                                                                    ; 17 (0)              ; 12 (0)                    ; 0                 ; 0          ; 0    ; 0            ; |ECEN3002_Lab1|ISSP:issp|altsource_probe_top:in_system_sources_probes_0|altsource_probe:issp_impl                                                                                                                                                                                                                                                         ; altsource_probe                   ; work         ;
;             |altsource_probe_body:altsource_probe_body_inst|                                                                            ; 17 (1)              ; 12 (0)                    ; 0                 ; 0          ; 0    ; 0            ; |ECEN3002_Lab1|ISSP:issp|altsource_probe_top:in_system_sources_probes_0|altsource_probe:issp_impl|altsource_probe_body:altsource_probe_body_inst                                                                                                                                                                                                          ; altsource_probe_body              ; work         ;
;                |altsource_probe_impl:\equal_width_gen:equal_width_inst|                                                                 ; 16 (7)              ; 12 (5)                    ; 0                 ; 0          ; 0    ; 0            ; |ECEN3002_Lab1|ISSP:issp|altsource_probe_top:in_system_sources_probes_0|altsource_probe:issp_impl|altsource_probe_body:altsource_probe_body_inst|altsource_probe_impl:\equal_width_gen:equal_width_inst                                                                                                                                                   ; altsource_probe_impl              ; work         ;
;                   |sld_rom_sr:\no_instance_id_gen:rom_info_inst|                                                                        ; 9 (9)               ; 7 (7)                     ; 0                 ; 0          ; 0    ; 0            ; |ECEN3002_Lab1|ISSP:issp|altsource_probe_top:in_system_sources_probes_0|altsource_probe:issp_impl|altsource_probe_body:altsource_probe_body_inst|altsource_probe_impl:\equal_width_gen:equal_width_inst|sld_rom_sr:\no_instance_id_gen:rom_info_inst                                                                                                      ; sld_rom_sr                        ; work         ;
;    |sld_hub:auto_hub|                                                                                                                   ; 95 (1)              ; 78 (0)                    ; 0                 ; 0          ; 0    ; 0            ; |ECEN3002_Lab1|sld_hub:auto_hub                                                                                                                                                                                                                                                                                                                           ; sld_hub                           ; altera_sld   ;
;       |alt_sld_fab_with_jtag_input:\instrumentation_fabric_with_node_gen:fabric_gen_new_way:with_jtag_input_gen:instrumentation_fabric| ; 94 (0)              ; 78 (0)                    ; 0                 ; 0          ; 0    ; 0            ; |ECEN3002_Lab1|sld_hub:auto_hub|alt_sld_fab_with_jtag_input:\instrumentation_fabric_with_node_gen:fabric_gen_new_way:with_jtag_input_gen:instrumentation_fabric                                                                                                                                                                                           ; alt_sld_fab_with_jtag_input       ; altera_sld   ;
;          |alt_sld_fab:instrumentation_fabric|                                                                                           ; 94 (0)              ; 78 (0)                    ; 0                 ; 0          ; 0    ; 0            ; |ECEN3002_Lab1|sld_hub:auto_hub|alt_sld_fab_with_jtag_input:\instrumentation_fabric_with_node_gen:fabric_gen_new_way:with_jtag_input_gen:instrumentation_fabric|alt_sld_fab:instrumentation_fabric                                                                                                                                                        ; alt_sld_fab                       ; alt_sld_fab  ;
;             |alt_sld_fab_alt_sld_fab:alt_sld_fab|                                                                                       ; 94 (1)              ; 78 (5)                    ; 0                 ; 0          ; 0    ; 0            ; |ECEN3002_Lab1|sld_hub:auto_hub|alt_sld_fab_with_jtag_input:\instrumentation_fabric_with_node_gen:fabric_gen_new_way:with_jtag_input_gen:instrumentation_fabric|alt_sld_fab:instrumentation_fabric|alt_sld_fab_alt_sld_fab:alt_sld_fab                                                                                                                    ; alt_sld_fab_alt_sld_fab           ; alt_sld_fab  ;
;                |alt_sld_fab_alt_sld_fab_sldfabric:sldfabric|                                                                            ; 93 (0)              ; 73 (0)                    ; 0                 ; 0          ; 0    ; 0            ; |ECEN3002_Lab1|sld_hub:auto_hub|alt_sld_fab_with_jtag_input:\instrumentation_fabric_with_node_gen:fabric_gen_new_way:with_jtag_input_gen:instrumentation_fabric|alt_sld_fab:instrumentation_fabric|alt_sld_fab_alt_sld_fab:alt_sld_fab|alt_sld_fab_alt_sld_fab_sldfabric:sldfabric                                                                        ; alt_sld_fab_alt_sld_fab_sldfabric ; alt_sld_fab  ;
;                   |sld_jtag_hub:\jtag_hub_gen:real_sld_jtag_hub|                                                                        ; 93 (58)             ; 73 (45)                   ; 0                 ; 0          ; 0    ; 0            ; |ECEN3002_Lab1|sld_hub:auto_hub|alt_sld_fab_with_jtag_input:\instrumentation_fabric_with_node_gen:fabric_gen_new_way:with_jtag_input_gen:instrumentation_fabric|alt_sld_fab:instrumentation_fabric|alt_sld_fab_alt_sld_fab:alt_sld_fab|alt_sld_fab_alt_sld_fab_sldfabric:sldfabric|sld_jtag_hub:\jtag_hub_gen:real_sld_jtag_hub                           ; sld_jtag_hub                      ; work         ;
;                      |sld_rom_sr:hub_info_reg|                                                                                          ; 16 (16)             ; 9 (9)                     ; 0                 ; 0          ; 0    ; 0            ; |ECEN3002_Lab1|sld_hub:auto_hub|alt_sld_fab_with_jtag_input:\instrumentation_fabric_with_node_gen:fabric_gen_new_way:with_jtag_input_gen:instrumentation_fabric|alt_sld_fab:instrumentation_fabric|alt_sld_fab_alt_sld_fab:alt_sld_fab|alt_sld_fab_alt_sld_fab_sldfabric:sldfabric|sld_jtag_hub:\jtag_hub_gen:real_sld_jtag_hub|sld_rom_sr:hub_info_reg   ; sld_rom_sr                        ; work         ;
;                      |sld_shadow_jsm:shadow_jsm|                                                                                        ; 19 (19)             ; 19 (19)                   ; 0                 ; 0          ; 0    ; 0            ; |ECEN3002_Lab1|sld_hub:auto_hub|alt_sld_fab_with_jtag_input:\instrumentation_fabric_with_node_gen:fabric_gen_new_way:with_jtag_input_gen:instrumentation_fabric|alt_sld_fab:instrumentation_fabric|alt_sld_fab_alt_sld_fab:alt_sld_fab|alt_sld_fab_alt_sld_fab_sldfabric:sldfabric|sld_jtag_hub:\jtag_hub_gen:real_sld_jtag_hub|sld_shadow_jsm:shadow_jsm ; sld_shadow_jsm                    ; altera_sld   ;
+-----------------------------------------------------------------------------------------------------------------------------------------+---------------------+---------------------------+-------------------+------------+------+--------------+-----------------------------------------------------------------------------------------------------------------------------------------------------------------------------------------------------------------------------------------------------------------------------------------------------------------------------------------------------------+-----------------------------------+--------------+
Note: For table entries with two numbers listed, the numbers in parentheses indicate the number of resources of the given type used by the specific entity alone. The numbers listed outside of parentheses indicate the total resources of the given type used by the specific entity and all of its sub-entities in the hierarchy.


+-----------------------------------------------------------------------------------------------------------------------------------------------------------------------------------------------------------------------------------------------------------------------------------------------------------------------------------------------------------------------------------------+
; Analysis & Synthesis IP Cores Summary                                                                                                                                                                                                                                                                                                                                                   ;
+--------+---------------------------------+---------+--------------+--------------+------------------------------------------------------------------------------------------------------------------------------------------------------------------------------------------------------------------------------------------------------------------------------------+-----------------+
; Vendor ; IP Core Name                    ; Version ; Release Date ; License Type ; Entity Instance                                                                                                                                                                                                                                                                    ; IP Include File ;
+--------+---------------------------------+---------+--------------+--------------+------------------------------------------------------------------------------------------------------------------------------------------------------------------------------------------------------------------------------------------------------------------------------------+-----------------+
; Altera ; Signal Tap                      ; N/A     ; N/A          ; Licensed     ; |ECEN3002_Lab1|sld_hub:auto_hub|alt_sld_fab_with_jtag_input:\instrumentation_fabric_with_node_gen:fabric_gen_new_way:with_jtag_input_gen:instrumentation_fabric|alt_sld_fab:instrumentation_fabric                                                                                 ;                 ;
; Altera ; Signal Tap                      ; N/A     ; N/A          ; Licensed     ; |ECEN3002_Lab1|sld_hub:auto_hub|alt_sld_fab_with_jtag_input:\instrumentation_fabric_with_node_gen:fabric_gen_new_way:with_jtag_input_gen:instrumentation_fabric|alt_sld_fab:instrumentation_fabric|alt_sld_fab_alt_sld_fab:alt_sld_fab                                             ;                 ;
; Altera ; Signal Tap                      ; N/A     ; N/A          ; Licensed     ; |ECEN3002_Lab1|sld_hub:auto_hub|alt_sld_fab_with_jtag_input:\instrumentation_fabric_with_node_gen:fabric_gen_new_way:with_jtag_input_gen:instrumentation_fabric|alt_sld_fab:instrumentation_fabric|alt_sld_fab_alt_sld_fab:alt_sld_fab|alt_sld_fab_alt_sld_fab_presplit:presplit   ;                 ;
; Altera ; Signal Tap                      ; N/A     ; N/A          ; Licensed     ; |ECEN3002_Lab1|sld_hub:auto_hub|alt_sld_fab_with_jtag_input:\instrumentation_fabric_with_node_gen:fabric_gen_new_way:with_jtag_input_gen:instrumentation_fabric|alt_sld_fab:instrumentation_fabric|alt_sld_fab_alt_sld_fab:alt_sld_fab|alt_sld_fab_alt_sld_fab_sldfabric:sldfabric ;                 ;
; Altera ; Signal Tap                      ; N/A     ; N/A          ; Licensed     ; |ECEN3002_Lab1|sld_hub:auto_hub|alt_sld_fab_with_jtag_input:\instrumentation_fabric_with_node_gen:fabric_gen_new_way:with_jtag_input_gen:instrumentation_fabric|alt_sld_fab:instrumentation_fabric|alt_sld_fab_alt_sld_fab:alt_sld_fab|alt_sld_fab_alt_sld_fab_splitter:splitter   ;                 ;
; N/A    ; altera_in_system_sources_probes ; 20.1    ; N/A          ; N/A          ; |ECEN3002_Lab1|ISSP:issp                                                                                                                                                                                                                                                           ; ISSP.qsys       ;
+--------+---------------------------------+---------+--------------+--------------+------------------------------------------------------------------------------------------------------------------------------------------------------------------------------------------------------------------------------------------------------------------------------------+-----------------+


+------------------------------------------------------+
; General Register Statistics                          ;
+----------------------------------------------+-------+
; Statistic                                    ; Value ;
+----------------------------------------------+-------+
; Total registers                              ; 143   ;
; Number of registers using Synchronous Clear  ; 39    ;
; Number of registers using Synchronous Load   ; 0     ;
; Number of registers using Asynchronous Clear ; 81    ;
; Number of registers using Asynchronous Load  ; 0     ;
; Number of registers using Clock Enable       ; 70    ;
; Number of registers using Preset             ; 0     ;
+----------------------------------------------+-------+


+-------------------------------------------------------------------------------------------------------------------------------------------------------------------------------------------------------------------------------------------------------------------------------------------------------------------------------------------+
; Inverted Register Statistics                                                                                                                                                                                                                                                                                                              ;
+---------------------------------------------------------------------------------------------------------------------------------------------------------------------------------------------------------------------------------------------------------------------------------------------------------------------------------+---------+
; Inverted Register                                                                                                                                                                                                                                                                                                               ; Fan out ;
+---------------------------------------------------------------------------------------------------------------------------------------------------------------------------------------------------------------------------------------------------------------------------------------------------------------------------------+---------+
; sld_hub:auto_hub|alt_sld_fab_with_jtag_input:\instrumentation_fabric_with_node_gen:fabric_gen_new_way:with_jtag_input_gen:instrumentation_fabric|alt_sld_fab:instrumentation_fabric|alt_sld_fab_alt_sld_fab:alt_sld_fab|alt_sld_fab_alt_sld_fab_sldfabric:sldfabric|sld_jtag_hub:\jtag_hub_gen:real_sld_jtag_hub|jtag_ir_reg[1] ; 3       ;
; sld_hub:auto_hub|alt_sld_fab_with_jtag_input:\instrumentation_fabric_with_node_gen:fabric_gen_new_way:with_jtag_input_gen:instrumentation_fabric|alt_sld_fab:instrumentation_fabric|alt_sld_fab_alt_sld_fab:alt_sld_fab|alt_sld_fab_alt_sld_fab_sldfabric:sldfabric|sld_jtag_hub:\jtag_hub_gen:real_sld_jtag_hub|jtag_ir_reg[2] ; 3       ;
; Total number of inverted registers = 2                                                                                                                                                                                                                                                                                          ;         ;
+---------------------------------------------------------------------------------------------------------------------------------------------------------------------------------------------------------------------------------------------------------------------------------------------------------------------------------+---------+


+------------------------------------------------------------------------------------------------------------------------------------------------------------------------------------------------------------------------------------------------------------------------------------------------------------------------------------------------------------------------------------+
; Multiplexer Restructuring Statistics (Restructuring Performed)                                                                                                                                                                                                                                                                                                                     ;
+--------------------+-----------+---------------+----------------------+------------------------+------------+----------------------------------------------------------------------------------------------------------------------------------------------------------------------------------------------------------------------------------------------------------------------+
; Multiplexer Inputs ; Bus Width ; Baseline Area ; Area if Restructured ; Saving if Restructured ; Registered ; Example Multiplexer Output                                                                                                                                                                                                                                           ;
+--------------------+-----------+---------------+----------------------+------------------------+------------+----------------------------------------------------------------------------------------------------------------------------------------------------------------------------------------------------------------------------------------------------------------------+
; 4:1                ; 3 bits    ; 6 LEs         ; 6 LEs                ; 0 LEs                  ; Yes        ; |ECEN3002_Lab1|ISSP:issp|altsource_probe_top:in_system_sources_probes_0|altsource_probe:issp_impl|altsource_probe_body:altsource_probe_body_inst|altsource_probe_impl:\equal_width_gen:equal_width_inst|sld_rom_sr:\no_instance_id_gen:rom_info_inst|word_counter[0] ;
; 5:1                ; 2 bits    ; 6 LEs         ; 4 LEs                ; 2 LEs                  ; Yes        ; |ECEN3002_Lab1|ISSP:issp|altsource_probe_top:in_system_sources_probes_0|altsource_probe:issp_impl|altsource_probe_body:altsource_probe_body_inst|altsource_probe_impl:\equal_width_gen:equal_width_inst|shift_reg[0]                                                 ;
; 9:1                ; 4 bits    ; 24 LEs        ; 12 LEs               ; 12 LEs                 ; Yes        ; |ECEN3002_Lab1|ISSP:issp|altsource_probe_top:in_system_sources_probes_0|altsource_probe:issp_impl|altsource_probe_body:altsource_probe_body_inst|altsource_probe_impl:\equal_width_gen:equal_width_inst|sld_rom_sr:\no_instance_id_gen:rom_info_inst|WORD_SR[0]      ;
+--------------------+-----------+---------------+----------------------+------------------------+------------+----------------------------------------------------------------------------------------------------------------------------------------------------------------------------------------------------------------------------------------------------------------------+


+-----------------------------------------------------------------------------------------------------------------------------------------------------------------------------------------------------------------+
; Source assignments for ISSP:issp|altsource_probe_top:in_system_sources_probes_0|altsource_probe:issp_impl|altsource_probe_body:altsource_probe_body_inst|altsource_probe_impl:\equal_width_gen:equal_width_inst ;
+---------------------------------+-------+------+----------------------------------------------------------------------------------------------------------------------------------------------------------------+
; Assignment                      ; Value ; From ; To                                                                                                                                                             ;
+---------------------------------+-------+------+----------------------------------------------------------------------------------------------------------------------------------------------------------------+
; NOT_GATE_PUSH_BACK              ; OFF   ; -    ; -                                                                                                                                                              ;
; POWER_UP_LEVEL                  ; LOW   ; -    ; -                                                                                                                                                              ;
; AUTO_SHIFT_REGISTER_RECOGNITION ; OFF   ; -    ; -                                                                                                                                                              ;
; AUTO_CLOCK_ENABLE_RECOGNITION   ; OFF   ; -    ; hold_reg[0]                                                                                                                                                    ;
; AUTO_CLOCK_ENABLE_RECOGNITION   ; OFF   ; -    ; hold_reg[1]                                                                                                                                                    ;
+---------------------------------+-------+------+----------------------------------------------------------------------------------------------------------------------------------------------------------------+


+-------------------------------------------------------------------------------+
; Parameter Settings for User Entity Instance: Top-level Entity: |ECEN3002_Lab1 ;
+----------------+----------+---------------------------------------------------+
; Parameter Name ; Value    ; Type                                              ;
+----------------+----------+---------------------------------------------------+
; divide_by      ; 10000000 ; Signed Integer                                    ;
+----------------+----------+---------------------------------------------------+
Note: In order to hide this table in the UI and the text report file, please set the "Show Parameter Settings in Synthesis Report" option in "Analysis and Synthesis Settings -> More Settings" to "Off".


+-------------------------------------------------------------------------------------------------------+
; Parameter Settings for User Entity Instance: ISSP:issp|altsource_probe_top:in_system_sources_probes_0 ;
+-------------------------+-----------------+-----------------------------------------------------------+
; Parameter Name          ; Value           ; Type                                                      ;
+-------------------------+-----------------+-----------------------------------------------------------+
; lpm_type                ; altsource_probe ; String                                                    ;
; lpm_hint                ; UNUSED          ; String                                                    ;
; sld_auto_instance_index ; YES             ; String                                                    ;
; sld_instance_index      ; 0               ; Signed Integer                                            ;
; sld_node_info_parameter ; 4746752         ; Signed Integer                                            ;
; sld_ir_width            ; 4               ; Signed Integer                                            ;
; instance_id             ; NONE            ; String                                                    ;
; probe_width             ; 2               ; Signed Integer                                            ;
; source_width            ; 2               ; Signed Integer                                            ;
; source_initial_value    ; 0               ; String                                                    ;
; enable_metastability    ; NO              ; String                                                    ;
+-------------------------+-----------------+-----------------------------------------------------------+
Note: In order to hide this table in the UI and the text report file, please set the "Show Parameter Settings in Synthesis Report" option in "Analysis and Synthesis Settings -> More Settings" to "Off".


+---------------------------------------------------------------------------------------------------------------------------------+
; Parameter Settings for User Entity Instance: ISSP:issp|altsource_probe_top:in_system_sources_probes_0|altsource_probe:issp_impl ;
+-------------------------+-----------------+-------------------------------------------------------------------------------------+
; Parameter Name          ; Value           ; Type                                                                                ;
+-------------------------+-----------------+-------------------------------------------------------------------------------------+
; lpm_type                ; altsource_probe ; String                                                                              ;
; lpm_hint                ; UNUSED          ; String                                                                              ;
; sld_auto_instance_index ; YES             ; String                                                                              ;
; sld_instance_index      ; 0               ; Signed Integer                                                                      ;
; SLD_NODE_INFO           ; 4746752         ; Signed Integer                                                                      ;
; sld_ir_width            ; 4               ; Signed Integer                                                                      ;
; instance_id             ; NONE            ; String                                                                              ;
; probe_width             ; 2               ; Signed Integer                                                                      ;
; source_width            ; 2               ; Signed Integer                                                                      ;
; source_initial_value    ; 0               ; String                                                                              ;
; enable_metastability    ; NO              ; String                                                                              ;
+-------------------------+-----------------+-------------------------------------------------------------------------------------+
Note: In order to hide this table in the UI and the text report file, please set the "Show Parameter Settings in Synthesis Report" option in "Analysis and Synthesis Settings -> More Settings" to "Off".


+------------------------------------------------------------------------------------------------------------------------------------------------------------------------------------+
; Port Connectivity Checks: "ISSP:issp|altsource_probe_top:in_system_sources_probes_0|altsource_probe:issp_impl"                                                                     ;
+-----------------+--------+----------+----------------------------------------------------------------------------------------------------------------------------------------------+
; Port            ; Type   ; Severity ; Details                                                                                                                                      ;
+-----------------+--------+----------+----------------------------------------------------------------------------------------------------------------------------------------------+
; raw_tck         ; Input  ; Warning  ; Declared by entity but not connected by instance. If a default value exists, it will be used.  Otherwise, the port will be connected to GND. ;
; tdi             ; Input  ; Warning  ; Declared by entity but not connected by instance. If a default value exists, it will be used.  Otherwise, the port will be connected to GND. ;
; usr1            ; Input  ; Warning  ; Declared by entity but not connected by instance. If a default value exists, it will be used.  Otherwise, the port will be connected to GND. ;
; jtag_state_cdr  ; Input  ; Warning  ; Declared by entity but not connected by instance. If a default value exists, it will be used.  Otherwise, the port will be connected to GND. ;
; jtag_state_sdr  ; Input  ; Warning  ; Declared by entity but not connected by instance. If a default value exists, it will be used.  Otherwise, the port will be connected to GND. ;
; jtag_state_e1dr ; Input  ; Warning  ; Declared by entity but not connected by instance. If a default value exists, it will be used.  Otherwise, the port will be connected to GND. ;
; jtag_state_udr  ; Input  ; Warning  ; Declared by entity but not connected by instance. If a default value exists, it will be used.  Otherwise, the port will be connected to GND. ;
; jtag_state_cir  ; Input  ; Warning  ; Declared by entity but not connected by instance. If a default value exists, it will be used.  Otherwise, the port will be connected to GND. ;
; jtag_state_uir  ; Input  ; Warning  ; Declared by entity but not connected by instance. If a default value exists, it will be used.  Otherwise, the port will be connected to GND. ;
; jtag_state_tlr  ; Input  ; Warning  ; Declared by entity but not connected by instance. If a default value exists, it will be used.  Otherwise, the port will be connected to GND. ;
; clr             ; Input  ; Warning  ; Declared by entity but not connected by instance. If a default value exists, it will be used.  Otherwise, the port will be connected to GND. ;
; ena             ; Input  ; Warning  ; Declared by entity but not connected by instance. If a default value exists, it will be used.  Otherwise, the port will be connected to GND. ;
; ir_in           ; Input  ; Warning  ; Declared by entity but not connected by instance. If a default value exists, it will be used.  Otherwise, the port will be connected to GND. ;
; ir_out          ; Output ; Warning  ; Declared by entity but not connected by instance. Logic that only feeds a dangling port will be removed.                                     ;
; tdo             ; Output ; Warning  ; Declared by entity but not connected by instance. Logic that only feeds a dangling port will be removed.                                     ;
+-----------------+--------+----------+----------------------------------------------------------------------------------------------------------------------------------------------+


+------------------------------------------------------------------------------------------------------------------------------------------------------------------------------+
; Port Connectivity Checks: "ISSP:issp|altsource_probe_top:in_system_sources_probes_0"                                                                                         ;
+------------+-------+----------+----------------------------------------------------------------------------------------------------------------------------------------------+
; Port       ; Type  ; Severity ; Details                                                                                                                                      ;
+------------+-------+----------+----------------------------------------------------------------------------------------------------------------------------------------------+
; source_ena ; Input ; Info     ; Stuck at VCC                                                                                                                                 ;
; source_clk ; Input ; Warning  ; Declared by entity but not connected by instance. If a default value exists, it will be used.  Otherwise, the port will be connected to GND. ;
+------------+-------+----------+----------------------------------------------------------------------------------------------------------------------------------------------+


+------------------------------------------------------------+
; Port Connectivity Checks: "ECEN3002_Lab1_ClockDivider:CD0" ;
+-------------------+-------+----------+---------------------+
; Port              ; Type  ; Severity ; Details             ;
+-------------------+-------+----------+---------------------+
; divide_by[20..19] ; Input ; Info     ; Stuck at VCC        ;
; divide_by[10..9]  ; Input ; Info     ; Stuck at VCC        ;
; divide_by[31..24] ; Input ; Info     ; Stuck at GND        ;
; divide_by[22..21] ; Input ; Info     ; Stuck at GND        ;
; divide_by[18..16] ; Input ; Info     ; Stuck at GND        ;
; divide_by[14..13] ; Input ; Info     ; Stuck at GND        ;
; divide_by[6..0]   ; Input ; Info     ; Stuck at GND        ;
; divide_by[23]     ; Input ; Info     ; Stuck at VCC        ;
; divide_by[15]     ; Input ; Info     ; Stuck at VCC        ;
; divide_by[12]     ; Input ; Info     ; Stuck at VCC        ;
; divide_by[11]     ; Input ; Info     ; Stuck at GND        ;
; divide_by[8]      ; Input ; Info     ; Stuck at GND        ;
; divide_by[7]      ; Input ; Info     ; Stuck at VCC        ;
+-------------------+-------+----------+---------------------+


+-----------------------------------------------------+
; Post-Synthesis Netlist Statistics for Top Partition ;
+-----------------------+-----------------------------+
; Type                  ; Count                       ;
+-----------------------+-----------------------------+
; arriav_ff             ; 65                          ;
;     CLR               ; 12                          ;
;     CLR SCLR          ; 32                          ;
;     ENA               ; 7                           ;
;     ENA CLR           ; 12                          ;
;     plain             ; 2                           ;
; arriav_lcell_comb     ; 102                         ;
;     arith             ; 41                          ;
;         1 data inputs ; 40                          ;
;         2 data inputs ; 1                           ;
;     extend            ; 2                           ;
;         7 data inputs ; 2                           ;
;     normal            ; 59                          ;
;         0 data inputs ; 1                           ;
;         1 data inputs ; 1                           ;
;         2 data inputs ; 16                          ;
;         3 data inputs ; 5                           ;
;         4 data inputs ; 12                          ;
;         5 data inputs ; 15                          ;
;         6 data inputs ; 9                           ;
; boundary_port         ; 91                          ;
;                       ;                             ;
; Max LUT depth         ; 4.10                        ;
; Average LUT depth     ; 2.29                        ;
+-----------------------+-----------------------------+


+-------------------------------+
; Elapsed Time Per Partition    ;
+----------------+--------------+
; Partition Name ; Elapsed Time ;
+----------------+--------------+
; Top            ; 00:00:00     ;
+----------------+--------------+


+-------------------------------+
; Analysis & Synthesis Messages ;
+-------------------------------+
Info: *******************************************************************
Info: Running Quartus Prime Analysis & Synthesis
    Info: Version 20.1.0 Build 711 06/05/2020 SJ Standard Edition
    Info: Processing started: Wed Oct 07 11:21:40 2020
Info: Command: quartus_map --read_settings_files=on --write_settings_files=off ECEN3002_Lab1 -c ECEN3002_Lab1
Warning (18236): Number of processors has not been specified which may cause overloading on shared machines.  Set the global assignment NUM_PARALLEL_PROCESSORS in your QSF to an appropriate value for best performance.
Info (20030): Parallel compilation is enabled and will use 12 of the 12 processors detected
Info (12021): Found 1 design units, including 1 entities, in source file issp/synthesis/issp.v
    Info (12023): Found entity 1: ISSP File: F:/FPGADesign/ECEN3002_Lab1/ISSP/synthesis/ISSP.v Line: 6
Info (12021): Found 1 design units, including 1 entities, in source file issp/synthesis/submodules/altsource_probe_top.v
    Info (12023): Found entity 1: altsource_probe_top File: F:/FPGADesign/ECEN3002_Lab1/ISSP/synthesis/submodules/altsource_probe_top.v Line: 14
Info (12021): Found 1 design units, including 1 entities, in source file tb.v
    Info (12023): Found entity 1: tb File: F:/FPGADesign/ECEN3002_Lab1/tb.v Line: 2
Warning (12125): Using design file ecen3002_lab1.v, which is not specified as a design file for the current project, but contains definitions for 1 design units and 1 entities in project
    Info (12023): Found entity 1: ECEN3002_Lab1 File: F:/FPGADesign/ECEN3002_Lab1/ecen3002_lab1.v Line: 6
Info (12127): Elaborating entity "ECEN3002_Lab1" for the top level hierarchy
Warning (10230): Verilog HDL assignment warning at ecen3002_lab1.v(69): truncated value with size 32 to match size of target (10) File: F:/FPGADesign/ECEN3002_Lab1/ecen3002_lab1.v Line: 69
Warning (10034): Output port "HEX0" at ecen3002_lab1.v(24) has no driver File: F:/FPGADesign/ECEN3002_Lab1/ecen3002_lab1.v Line: 24
Warning (10034): Output port "HEX1" at ecen3002_lab1.v(25) has no driver File: F:/FPGADesign/ECEN3002_Lab1/ecen3002_lab1.v Line: 25
Warning (10034): Output port "HEX2" at ecen3002_lab1.v(26) has no driver File: F:/FPGADesign/ECEN3002_Lab1/ecen3002_lab1.v Line: 26
Warning (10034): Output port "HEX3" at ecen3002_lab1.v(27) has no driver File: F:/FPGADesign/ECEN3002_Lab1/ecen3002_lab1.v Line: 27
Warning (10034): Output port "HEX4" at ecen3002_lab1.v(28) has no driver File: F:/FPGADesign/ECEN3002_Lab1/ecen3002_lab1.v Line: 28
Warning (10034): Output port "HEX5" at ecen3002_lab1.v(30) has no driver File: F:/FPGADesign/ECEN3002_Lab1/ecen3002_lab1.v Line: 30
Warning (12125): Using design file ecen3002_lab1_clockdivider.v, which is not specified as a design file for the current project, but contains definitions for 1 design units and 1 entities in project
    Info (12023): Found entity 1: ECEN3002_Lab1_ClockDivider File: F:/FPGADesign/ECEN3002_Lab1/ecen3002_lab1_clockdivider.v Line: 1
Info (12128): Elaborating entity "ECEN3002_Lab1_ClockDivider" for hierarchy "ECEN3002_Lab1_ClockDivider:CD0" File: F:/FPGADesign/ECEN3002_Lab1/ecen3002_lab1.v Line: 53
Info (12128): Elaborating entity "ISSP" for hierarchy "ISSP:issp" File: F:/FPGADesign/ECEN3002_Lab1/ecen3002_lab1.v Line: 54
Info (12128): Elaborating entity "altsource_probe_top" for hierarchy "ISSP:issp|altsource_probe_top:in_system_sources_probes_0" File: F:/FPGADesign/ECEN3002_Lab1/ISSP/synthesis/ISSP.v Line: 23
Info (12128): Elaborating entity "altsource_probe" for hierarchy "ISSP:issp|altsource_probe_top:in_system_sources_probes_0|altsource_probe:issp_impl" File: F:/FPGADesign/ECEN3002_Lab1/ISSP/synthesis/submodules/altsource_probe_top.v Line: 55
Info (12130): Elaborated megafunction instantiation "ISSP:issp|altsource_probe_top:in_system_sources_probes_0|altsource_probe:issp_impl" File: F:/FPGADesign/ECEN3002_Lab1/ISSP/synthesis/submodules/altsource_probe_top.v Line: 55
Info (12133): Instantiated megafunction "ISSP:issp|altsource_probe_top:in_system_sources_probes_0|altsource_probe:issp_impl" with the following parameter: File: F:/FPGADesign/ECEN3002_Lab1/ISSP/synthesis/submodules/altsource_probe_top.v Line: 55
    Info (12134): Parameter "lpm_type" = "altsource_probe"
    Info (12134): Parameter "lpm_hint" = "UNUSED"
    Info (12134): Parameter "sld_auto_instance_index" = "YES"
    Info (12134): Parameter "sld_instance_index" = "0"
    Info (12134): Parameter "SLD_NODE_INFO" = "4746752"
    Info (12134): Parameter "sld_ir_width" = "4"
    Info (12134): Parameter "instance_id" = "NONE"
    Info (12134): Parameter "probe_width" = "2"
    Info (12134): Parameter "source_width" = "2"
    Info (12134): Parameter "source_initial_value" = "0"
    Info (12134): Parameter "enable_metastability" = "NO"
Info (12128): Elaborating entity "sld_jtag_endpoint_adapter" for hierarchy "ISSP:issp|altsource_probe_top:in_system_sources_probes_0|altsource_probe:issp_impl|sld_jtag_endpoint_adapter:jtag_signal_adapter" File: d:/intelfpga/20.1/quartus/libraries/megafunctions/altsource_probe.v Line: 169
Info (12128): Elaborating entity "sld_jtag_endpoint_adapter_impl" for hierarchy "ISSP:issp|altsource_probe_top:in_system_sources_probes_0|altsource_probe:issp_impl|sld_jtag_endpoint_adapter:jtag_signal_adapter|sld_jtag_endpoint_adapter_impl:sld_jtag_endpoint_adapter_impl_inst" File: d:/intelfpga/20.1/quartus/libraries/megafunctions/sld_jtag_endpoint_adapter.vhd Line: 232
Info (12128): Elaborating entity "altsource_probe_body" for hierarchy "ISSP:issp|altsource_probe_top:in_system_sources_probes_0|altsource_probe:issp_impl|altsource_probe_body:altsource_probe_body_inst" File: d:/intelfpga/20.1/quartus/libraries/megafunctions/altsource_probe.v Line: 205
Info (12128): Elaborating entity "altsource_probe_impl" for hierarchy "ISSP:issp|altsource_probe_top:in_system_sources_probes_0|altsource_probe:issp_impl|altsource_probe_body:altsource_probe_body_inst|altsource_probe_impl:\equal_width_gen:equal_width_inst" File: d:/intelfpga/20.1/quartus/libraries/megafunctions/altsource_probe_body.vhd Line: 564
Info (12128): Elaborating entity "sld_rom_sr" for hierarchy "ISSP:issp|altsource_probe_top:in_system_sources_probes_0|altsource_probe:issp_impl|altsource_probe_body:altsource_probe_body_inst|altsource_probe_impl:\equal_width_gen:equal_width_inst|sld_rom_sr:\no_instance_id_gen:rom_info_inst" File: d:/intelfpga/20.1/quartus/libraries/megafunctions/altsource_probe_body.vhd Line: 776
Info (11170): Starting IP generation for the debug fabric: alt_sld_fab.
Info (11172): 2020.10.07.11:21:50 Progress: Loading sld00c63f73/alt_sld_fab_wrapper_hw.tcl
Info (11172): Alt_sld_fab.alt_sld_fab: SLD fabric agents which did not specify prefer_host were connected to JTAG
Info (11172): Alt_sld_fab: Generating alt_sld_fab "alt_sld_fab" for QUARTUS_SYNTH
Info (11172): Alt_sld_fab: "alt_sld_fab" instantiated alt_sld_fab "alt_sld_fab"
Info (11172): Presplit: "alt_sld_fab" instantiated altera_super_splitter "presplit"
Info (11172): Splitter: "alt_sld_fab" instantiated altera_sld_splitter "splitter"
Info (11172): Sldfabric: "alt_sld_fab" instantiated altera_sld_jtag_hub "sldfabric"
Info (11172): Ident: "alt_sld_fab" instantiated altera_connection_identification_hub "ident"
Info (11172): Alt_sld_fab: Done "alt_sld_fab" with 6 modules, 6 files
Info (11171): Finished IP generation for the debug fabric: alt_sld_fab.
Info (12021): Found 1 design units, including 1 entities, in source file db/ip/sld00c63f73/alt_sld_fab.v
    Info (12023): Found entity 1: alt_sld_fab File: F:/FPGADesign/ECEN3002_Lab1/db/ip/sld00c63f73/alt_sld_fab.v Line: 9
Info (12021): Found 1 design units, including 1 entities, in source file db/ip/sld00c63f73/submodules/alt_sld_fab_alt_sld_fab.v
    Info (12023): Found entity 1: alt_sld_fab_alt_sld_fab File: F:/FPGADesign/ECEN3002_Lab1/db/ip/sld00c63f73/submodules/alt_sld_fab_alt_sld_fab.v Line: 9
Info (12021): Found 1 design units, including 1 entities, in source file db/ip/sld00c63f73/submodules/alt_sld_fab_alt_sld_fab_ident.sv
    Info (12023): Found entity 1: alt_sld_fab_alt_sld_fab_ident File: F:/FPGADesign/ECEN3002_Lab1/db/ip/sld00c63f73/submodules/alt_sld_fab_alt_sld_fab_ident.sv Line: 33
Info (12021): Found 1 design units, including 1 entities, in source file db/ip/sld00c63f73/submodules/alt_sld_fab_alt_sld_fab_presplit.sv
    Info (12023): Found entity 1: alt_sld_fab_alt_sld_fab_presplit File: F:/FPGADesign/ECEN3002_Lab1/db/ip/sld00c63f73/submodules/alt_sld_fab_alt_sld_fab_presplit.sv Line: 3
Info (12021): Found 2 design units, including 1 entities, in source file db/ip/sld00c63f73/submodules/alt_sld_fab_alt_sld_fab_sldfabric.vhd
    Info (12022): Found design unit 1: alt_sld_fab_alt_sld_fab_sldfabric-rtl File: F:/FPGADesign/ECEN3002_Lab1/db/ip/sld00c63f73/submodules/alt_sld_fab_alt_sld_fab_sldfabric.vhd Line: 102
    Info (12023): Found entity 1: alt_sld_fab_alt_sld_fab_sldfabric File: F:/FPGADesign/ECEN3002_Lab1/db/ip/sld00c63f73/submodules/alt_sld_fab_alt_sld_fab_sldfabric.vhd Line: 11
Info (12021): Found 1 design units, including 1 entities, in source file db/ip/sld00c63f73/submodules/alt_sld_fab_alt_sld_fab_splitter.sv
    Info (12023): Found entity 1: alt_sld_fab_alt_sld_fab_splitter File: F:/FPGADesign/ECEN3002_Lab1/db/ip/sld00c63f73/submodules/alt_sld_fab_alt_sld_fab_splitter.sv Line: 3
Warning (12241): 2 hierarchies have connectivity warnings - see the Connectivity Checks report folder
Warning (13004): Presettable and clearable registers converted to equivalent circuits with latches. Registers power-up to an undefined state, and DEVCLRn places the registers in an undefined state.
    Warning (13310): Register "ledValue[0]" is converted into an equivalent circuit using register "ledValue[0]~_emulated" and latch "ledValue[0]~1" File: F:/FPGADesign/ECEN3002_Lab1/ecen3002_lab1.v Line: 66
    Warning (13310): Register "ledValue[1]" is converted into an equivalent circuit using register "ledValue[1]~_emulated" and latch "ledValue[1]~5" File: F:/FPGADesign/ECEN3002_Lab1/ecen3002_lab1.v Line: 66
    Warning (13310): Register "ledValue[2]" is converted into an equivalent circuit using register "ledValue[2]~_emulated" and latch "ledValue[2]~9" File: F:/FPGADesign/ECEN3002_Lab1/ecen3002_lab1.v Line: 66
    Warning (13310): Register "ledValue[3]" is converted into an equivalent circuit using register "ledValue[3]~_emulated" and latch "ledValue[3]~13" File: F:/FPGADesign/ECEN3002_Lab1/ecen3002_lab1.v Line: 66
    Warning (13310): Register "ledValue[4]" is converted into an equivalent circuit using register "ledValue[4]~_emulated" and latch "ledValue[4]~17" File: F:/FPGADesign/ECEN3002_Lab1/ecen3002_lab1.v Line: 66
    Warning (13310): Register "ledValue[5]" is converted into an equivalent circuit using register "ledValue[5]~_emulated" and latch "ledValue[5]~21" File: F:/FPGADesign/ECEN3002_Lab1/ecen3002_lab1.v Line: 66
    Warning (13310): Register "ledValue[6]" is converted into an equivalent circuit using register "ledValue[6]~_emulated" and latch "ledValue[6]~25" File: F:/FPGADesign/ECEN3002_Lab1/ecen3002_lab1.v Line: 66
    Warning (13310): Register "ledValue[7]" is converted into an equivalent circuit using register "ledValue[7]~_emulated" and latch "ledValue[7]~29" File: F:/FPGADesign/ECEN3002_Lab1/ecen3002_lab1.v Line: 66
    Warning (13310): Register "ledValue[8]" is converted into an equivalent circuit using register "ledValue[8]~_emulated" and latch "ledValue[8]~33" File: F:/FPGADesign/ECEN3002_Lab1/ecen3002_lab1.v Line: 66
    Warning (13310): Register "ledValue[9]" is converted into an equivalent circuit using register "ledValue[9]~_emulated" and latch "ledValue[9]~37" File: F:/FPGADesign/ECEN3002_Lab1/ecen3002_lab1.v Line: 66
Warning (13024): Output pins are stuck at VCC or GND
    Warning (13410): Pin "HEX0[0]" is stuck at GND File: F:/FPGADesign/ECEN3002_Lab1/ecen3002_lab1.v Line: 24
    Warning (13410): Pin "HEX0[1]" is stuck at GND File: F:/FPGADesign/ECEN3002_Lab1/ecen3002_lab1.v Line: 24
    Warning (13410): Pin "HEX0[2]" is stuck at GND File: F:/FPGADesign/ECEN3002_Lab1/ecen3002_lab1.v Line: 24
    Warning (13410): Pin "HEX0[3]" is stuck at GND File: F:/FPGADesign/ECEN3002_Lab1/ecen3002_lab1.v Line: 24
    Warning (13410): Pin "HEX0[4]" is stuck at GND File: F:/FPGADesign/ECEN3002_Lab1/ecen3002_lab1.v Line: 24
    Warning (13410): Pin "HEX0[5]" is stuck at GND File: F:/FPGADesign/ECEN3002_Lab1/ecen3002_lab1.v Line: 24
    Warning (13410): Pin "HEX0[6]" is stuck at GND File: F:/FPGADesign/ECEN3002_Lab1/ecen3002_lab1.v Line: 24
    Warning (13410): Pin "HEX1[0]" is stuck at GND File: F:/FPGADesign/ECEN3002_Lab1/ecen3002_lab1.v Line: 25
    Warning (13410): Pin "HEX1[1]" is stuck at GND File: F:/FPGADesign/ECEN3002_Lab1/ecen3002_lab1.v Line: 25
    Warning (13410): Pin "HEX1[2]" is stuck at GND File: F:/FPGADesign/ECEN3002_Lab1/ecen3002_lab1.v Line: 25
    Warning (13410): Pin "HEX1[3]" is stuck at GND File: F:/FPGADesign/ECEN3002_Lab1/ecen3002_lab1.v Line: 25
    Warning (13410): Pin "HEX1[4]" is stuck at GND File: F:/FPGADesign/ECEN3002_Lab1/ecen3002_lab1.v Line: 25
    Warning (13410): Pin "HEX1[5]" is stuck at GND File: F:/FPGADesign/ECEN3002_Lab1/ecen3002_lab1.v Line: 25
    Warning (13410): Pin "HEX1[6]" is stuck at GND File: F:/FPGADesign/ECEN3002_Lab1/ecen3002_lab1.v Line: 25
    Warning (13410): Pin "HEX2[0]" is stuck at GND File: F:/FPGADesign/ECEN3002_Lab1/ecen3002_lab1.v Line: 26
    Warning (13410): Pin "HEX2[1]" is stuck at GND File: F:/FPGADesign/ECEN3002_Lab1/ecen3002_lab1.v Line: 26
    Warning (13410): Pin "HEX2[2]" is stuck at GND File: F:/FPGADesign/ECEN3002_Lab1/ecen3002_lab1.v Line: 26
    Warning (13410): Pin "HEX2[3]" is stuck at GND File: F:/FPGADesign/ECEN3002_Lab1/ecen3002_lab1.v Line: 26
    Warning (13410): Pin "HEX2[4]" is stuck at GND File: F:/FPGADesign/ECEN3002_Lab1/ecen3002_lab1.v Line: 26
    Warning (13410): Pin "HEX2[5]" is stuck at GND File: F:/FPGADesign/ECEN3002_Lab1/ecen3002_lab1.v Line: 26
    Warning (13410): Pin "HEX2[6]" is stuck at GND File: F:/FPGADesign/ECEN3002_Lab1/ecen3002_lab1.v Line: 26
    Warning (13410): Pin "HEX3[0]" is stuck at GND File: F:/FPGADesign/ECEN3002_Lab1/ecen3002_lab1.v Line: 27
    Warning (13410): Pin "HEX3[1]" is stuck at GND File: F:/FPGADesign/ECEN3002_Lab1/ecen3002_lab1.v Line: 27
    Warning (13410): Pin "HEX3[2]" is stuck at GND File: F:/FPGADesign/ECEN3002_Lab1/ecen3002_lab1.v Line: 27
    Warning (13410): Pin "HEX3[3]" is stuck at GND File: F:/FPGADesign/ECEN3002_Lab1/ecen3002_lab1.v Line: 27
    Warning (13410): Pin "HEX3[4]" is stuck at GND File: F:/FPGADesign/ECEN3002_Lab1/ecen3002_lab1.v Line: 27
    Warning (13410): Pin "HEX3[5]" is stuck at GND File: F:/FPGADesign/ECEN3002_Lab1/ecen3002_lab1.v Line: 27
    Warning (13410): Pin "HEX3[6]" is stuck at GND File: F:/FPGADesign/ECEN3002_Lab1/ecen3002_lab1.v Line: 27
    Warning (13410): Pin "HEX4[0]" is stuck at GND File: F:/FPGADesign/ECEN3002_Lab1/ecen3002_lab1.v Line: 28
    Warning (13410): Pin "HEX4[1]" is stuck at GND File: F:/FPGADesign/ECEN3002_Lab1/ecen3002_lab1.v Line: 28
    Warning (13410): Pin "HEX4[2]" is stuck at GND File: F:/FPGADesign/ECEN3002_Lab1/ecen3002_lab1.v Line: 28
    Warning (13410): Pin "HEX4[3]" is stuck at GND File: F:/FPGADesign/ECEN3002_Lab1/ecen3002_lab1.v Line: 28
    Warning (13410): Pin "HEX4[4]" is stuck at GND File: F:/FPGADesign/ECEN3002_Lab1/ecen3002_lab1.v Line: 28
    Warning (13410): Pin "HEX4[5]" is stuck at GND File: F:/FPGADesign/ECEN3002_Lab1/ecen3002_lab1.v Line: 28
    Warning (13410): Pin "HEX4[6]" is stuck at GND File: F:/FPGADesign/ECEN3002_Lab1/ecen3002_lab1.v Line: 28
    Warning (13410): Pin "HEX5[0]" is stuck at GND File: F:/FPGADesign/ECEN3002_Lab1/ecen3002_lab1.v Line: 30
    Warning (13410): Pin "HEX5[1]" is stuck at GND File: F:/FPGADesign/ECEN3002_Lab1/ecen3002_lab1.v Line: 30
    Warning (13410): Pin "HEX5[2]" is stuck at GND File: F:/FPGADesign/ECEN3002_Lab1/ecen3002_lab1.v Line: 30
    Warning (13410): Pin "HEX5[3]" is stuck at GND File: F:/FPGADesign/ECEN3002_Lab1/ecen3002_lab1.v Line: 30
    Warning (13410): Pin "HEX5[4]" is stuck at GND File: F:/FPGADesign/ECEN3002_Lab1/ecen3002_lab1.v Line: 30
    Warning (13410): Pin "HEX5[5]" is stuck at GND File: F:/FPGADesign/ECEN3002_Lab1/ecen3002_lab1.v Line: 30
    Warning (13410): Pin "HEX5[6]" is stuck at GND File: F:/FPGADesign/ECEN3002_Lab1/ecen3002_lab1.v Line: 30
Info (286031): Timing-Driven Synthesis is running on partition "Top"
Info (144001): Generated suppressed messages file F:/FPGADesign/ECEN3002_Lab1/ECEN3002_Lab1.map.smsg
Info (16010): Generating hard_block partition "hard_block:auto_generated_inst"
    Info (16011): Adding 9 node(s), including 0 DDIO, 0 PLL, 0 transceiver and 0 LCELL
Warning (21074): Design contains 5 input pin(s) that do not drive logic
    Warning (15610): No output dependent on input pin "CLOCK2_50" File: F:/FPGADesign/ECEN3002_Lab1/ecen3002_lab1.v Line: 9
    Warning (15610): No output dependent on input pin "CLOCK3_50" File: F:/FPGADesign/ECEN3002_Lab1/ecen3002_lab1.v Line: 10
    Warning (15610): No output dependent on input pin "CLOCK4_50" File: F:/FPGADesign/ECEN3002_Lab1/ecen3002_lab1.v Line: 11
    Warning (15610): No output dependent on input pin "KEY[2]" File: F:/FPGADesign/ECEN3002_Lab1/ecen3002_lab1.v Line: 15
    Warning (15610): No output dependent on input pin "KEY[3]" File: F:/FPGADesign/ECEN3002_Lab1/ecen3002_lab1.v Line: 15
Info (21057): Implemented 297 device resources after synthesis - the final resource count might be different
    Info (21058): Implemented 21 input pins
    Info (21059): Implemented 53 output pins
    Info (21061): Implemented 222 logic cells
Info: Quartus Prime Analysis & Synthesis was successful. 0 errors, 71 warnings
    Info: Peak virtual memory: 4913 megabytes
    Info: Processing ended: Wed Oct 07 11:21:58 2020
    Info: Elapsed time: 00:00:18
    Info: Total CPU time (on all processors): 00:00:34


+------------------------------------------+
; Analysis & Synthesis Suppressed Messages ;
+------------------------------------------+
The suppressed messages can be found in F:/FPGADesign/ECEN3002_Lab1/ECEN3002_Lab1.map.smsg.


