Analysis & Synthesis report for Lab3
Thu Sep 10 16:40:35 2020
Quartus Prime Version 20.1.0 Build 711 06/05/2020 SJ Standard Edition


---------------------
; Table of Contents ;
---------------------
  1. Legal Notice
  2. Analysis & Synthesis Summary
  3. Analysis & Synthesis Settings
  4. Parallel Compilation
  5. Analysis & Synthesis Source Files Read
  6. Analysis & Synthesis Resource Usage Summary
  7. Analysis & Synthesis Resource Utilization by Entity
  8. Registers Protected by Synthesis
  9. General Register Statistics
 10. Source assignments for Top-level Entity: |Lab3
 11. Post-Synthesis Netlist Statistics for Top Partition
 12. Elapsed Time Per Partition
 13. Analysis & Synthesis Messages



----------------
; Legal Notice ;
----------------
Copyright (C) 2020  Intel Corporation. All rights reserved.
Your use of Intel Corporation's design tools, logic functions 
and other software and tools, and any partner logic 
functions, and any output files from any of the foregoing 
(including device programming or simulation files), and any 
associated documentation or information are expressly subject 
to the terms and conditions of the Intel Program License 
Subscription Agreement, the Intel Quartus Prime License Agreement,
the Intel FPGA IP License Agreement, or other applicable license
agreement, including, without limitation, that your use is for
the sole purpose of programming logic devices manufactured by
Intel and sold by Intel or its authorized distributors.  Please
refer to the applicable agreement for further details, at
https://fpgasoftware.intel.com/eula.



+-----------------------------------------------------------------------------------+
; Analysis & Synthesis Summary                                                      ;
+---------------------------------+-------------------------------------------------+
; Analysis & Synthesis Status     ; Successful - Thu Sep 10 16:40:35 2020           ;
; Quartus Prime Version           ; 20.1.0 Build 711 06/05/2020 SJ Standard Edition ;
; Revision Name                   ; Lab3                                            ;
; Top-level Entity Name           ; Lab3                                            ;
; Family                          ; Cyclone V                                       ;
; Logic utilization (in ALMs)     ; N/A                                             ;
; Total registers                 ; 34                                              ;
; Total pins                      ; 35                                              ;
; Total virtual pins              ; 0                                               ;
; Total block memory bits         ; 0                                               ;
; Total DSP Blocks                ; 0                                               ;
; Total HSSI RX PCSs              ; 0                                               ;
; Total HSSI PMA RX Deserializers ; 0                                               ;
; Total HSSI TX PCSs              ; 0                                               ;
; Total HSSI PMA TX Serializers   ; 0                                               ;
; Total PLLs                      ; 0                                               ;
; Total DLLs                      ; 0                                               ;
+---------------------------------+-------------------------------------------------+


+---------------------------------------------------------------------------------------------------------------------------+
; Analysis & Synthesis Settings                                                                                             ;
+---------------------------------------------------------------------------------+--------------------+--------------------+
; Option                                                                          ; Setting            ; Default Value      ;
+---------------------------------------------------------------------------------+--------------------+--------------------+
; Device                                                                          ; 5CGXFC7C7F23C8     ;                    ;
; Top-level entity name                                                           ; Lab3               ; Lab3               ;
; Family name                                                                     ; Cyclone V          ; Cyclone V          ;
; Use smart compilation                                                           ; Off                ; Off                ;
; Enable parallel Assembler and Timing Analyzer during compilation                ; On                 ; On                 ;
; Enable compact report table                                                     ; Off                ; Off                ;
; Restructure Multiplexers                                                        ; Auto               ; Auto               ;
; MLAB Add Timing Constraints For Mixed-Port Feed-Through Mode Setting Don't Care ; Off                ; Off                ;
; Create Debugging Nodes for IP Cores                                             ; Off                ; Off                ;
; Preserve fewer node names                                                       ; On                 ; On                 ;
; Intel FPGA IP Evaluation Mode                                                   ; Enable             ; Enable             ;
; Verilog Version                                                                 ; Verilog_2001       ; Verilog_2001       ;
; VHDL Version                                                                    ; VHDL_1993          ; VHDL_1993          ;
; State Machine Processing                                                        ; Auto               ; Auto               ;
; Safe State Machine                                                              ; Off                ; Off                ;
; Extract Verilog State Machines                                                  ; On                 ; On                 ;
; Extract VHDL State Machines                                                     ; On                 ; On                 ;
; Ignore Verilog initial constructs                                               ; Off                ; Off                ;
; Iteration limit for constant Verilog loops                                      ; 5000               ; 5000               ;
; Iteration limit for non-constant Verilog loops                                  ; 250                ; 250                ;
; Add Pass-Through Logic to Inferred RAMs                                         ; On                 ; On                 ;
; Infer RAMs from Raw Logic                                                       ; On                 ; On                 ;
; Parallel Synthesis                                                              ; On                 ; On                 ;
; DSP Block Balancing                                                             ; Auto               ; Auto               ;
; NOT Gate Push-Back                                                              ; On                 ; On                 ;
; Power-Up Don't Care                                                             ; On                 ; On                 ;
; Remove Redundant Logic Cells                                                    ; Off                ; Off                ;
; Remove Duplicate Registers                                                      ; On                 ; On                 ;
; Ignore CARRY Buffers                                                            ; Off                ; Off                ;
; Ignore CASCADE Buffers                                                          ; Off                ; Off                ;
; Ignore GLOBAL Buffers                                                           ; Off                ; Off                ;
; Ignore ROW GLOBAL Buffers                                                       ; Off                ; Off                ;
; Ignore LCELL Buffers                                                            ; Off                ; Off                ;
; Ignore SOFT Buffers                                                             ; On                 ; On                 ;
; Limit AHDL Integers to 32 Bits                                                  ; Off                ; Off                ;
; Optimization Technique                                                          ; Balanced           ; Balanced           ;
; Carry Chain Length                                                              ; 70                 ; 70                 ;
; Auto Carry Chains                                                               ; On                 ; On                 ;
; Auto Open-Drain Pins                                                            ; On                 ; On                 ;
; Perform WYSIWYG Primitive Resynthesis                                           ; Off                ; Off                ;
; Auto ROM Replacement                                                            ; On                 ; On                 ;
; Auto RAM Replacement                                                            ; On                 ; On                 ;
; Auto DSP Block Replacement                                                      ; On                 ; On                 ;
; Auto Shift Register Replacement                                                 ; Auto               ; Auto               ;
; Allow Shift Register Merging across Hierarchies                                 ; Auto               ; Auto               ;
; Auto Clock Enable Replacement                                                   ; On                 ; On                 ;
; Strict RAM Replacement                                                          ; Off                ; Off                ;
; Allow Synchronous Control Signals                                               ; On                 ; On                 ;
; Force Use of Synchronous Clear Signals                                          ; Off                ; Off                ;
; Auto Resource Sharing                                                           ; Off                ; Off                ;
; Allow Any RAM Size For Recognition                                              ; Off                ; Off                ;
; Allow Any ROM Size For Recognition                                              ; Off                ; Off                ;
; Allow Any Shift Register Size For Recognition                                   ; Off                ; Off                ;
; Use LogicLock Constraints during Resource Balancing                             ; On                 ; On                 ;
; Ignore translate_off and synthesis_off directives                               ; Off                ; Off                ;
; Timing-Driven Synthesis                                                         ; On                 ; On                 ;
; Report Parameter Settings                                                       ; On                 ; On                 ;
; Report Source Assignments                                                       ; On                 ; On                 ;
; Report Connectivity Checks                                                      ; On                 ; On                 ;
; Ignore Maximum Fan-Out Assignments                                              ; Off                ; Off                ;
; Synchronization Register Chain Length                                           ; 3                  ; 3                  ;
; Power Optimization During Synthesis                                             ; Normal compilation ; Normal compilation ;
; HDL message level                                                               ; Level2             ; Level2             ;
; Suppress Register Optimization Related Messages                                 ; Off                ; Off                ;
; Number of Removed Registers Reported in Synthesis Report                        ; 5000               ; 5000               ;
; Number of Swept Nodes Reported in Synthesis Report                              ; 5000               ; 5000               ;
; Number of Inverted Registers Reported in Synthesis Report                       ; 100                ; 100                ;
; Clock MUX Protection                                                            ; On                 ; On                 ;
; Auto Gated Clock Conversion                                                     ; Off                ; Off                ;
; Block Design Naming                                                             ; Auto               ; Auto               ;
; SDC constraint protection                                                       ; Off                ; Off                ;
; Synthesis Effort                                                                ; Auto               ; Auto               ;
; Shift Register Replacement - Allow Asynchronous Clear Signal                    ; On                 ; On                 ;
; Pre-Mapping Resynthesis Optimization                                            ; Off                ; Off                ;
; Analysis & Synthesis Message Level                                              ; Medium             ; Medium             ;
; Disable Register Merging Across Hierarchies                                     ; Auto               ; Auto               ;
; Resource Aware Inference For Block RAM                                          ; On                 ; On                 ;
; Automatic Parallel Synthesis                                                    ; On                 ; On                 ;
; Partial Reconfiguration Bitstream ID                                            ; Off                ; Off                ;
+---------------------------------------------------------------------------------+--------------------+--------------------+


+------------------------------------------+
; Parallel Compilation                     ;
+----------------------------+-------------+
; Processors                 ; Number      ;
+----------------------------+-------------+
; Number detected on machine ; 12          ;
; Maximum allowed            ; 12          ;
;                            ;             ;
; Average used               ; 1.00        ;
; Maximum used               ; 12          ;
;                            ;             ;
; Usage by Processor         ; % Time Used ;
;     Processor 1            ; 100.0%      ;
;     Processors 2-12        ;   0.0%      ;
+----------------------------+-------------+


+-----------------------------------------------------------------------------------------------------------------------------------------------------------+
; Analysis & Synthesis Source Files Read                                                                                                                    ;
+----------------------------------+-----------------+------------------------+-------------------------------------------------------------------+---------+
; File Name with User-Entered Path ; Used in Netlist ; File Type              ; File Name with Absolute Path                                      ; Library ;
+----------------------------------+-----------------+------------------------+-------------------------------------------------------------------+---------+
; Lab3.v                           ; yes             ; User Verilog HDL File  ; C:/Users/Matt Hartnett/Documents/FPGA-Design/ECEN3002_Lab3/Lab3.v ;         ;
+----------------------------------+-----------------+------------------------+-------------------------------------------------------------------+---------+


+-----------------------------------------------------------+
; Analysis & Synthesis Resource Usage Summary               ;
+---------------------------------------------+-------------+
; Resource                                    ; Usage       ;
+---------------------------------------------+-------------+
; Estimate of Logic utilization (ALMs needed) ; 17          ;
;                                             ;             ;
; Combinational ALUT usage for logic          ; 10          ;
;     -- 7 input functions                    ; 0           ;
;     -- 6 input functions                    ; 0           ;
;     -- 5 input functions                    ; 0           ;
;     -- 4 input functions                    ; 0           ;
;     -- <=3 input functions                  ; 10          ;
;                                             ;             ;
; Dedicated logic registers                   ; 34          ;
;                                             ;             ;
; I/O pins                                    ; 35          ;
;                                             ;             ;
; Total DSP Blocks                            ; 0           ;
;                                             ;             ;
; Maximum fan-out node                        ; clock~input ;
; Maximum fan-out                             ; 34          ;
; Total fan-out                               ; 146         ;
; Average fan-out                             ; 1.28        ;
+---------------------------------------------+-------------+


+----------------------------------------------------------------------------------------------------------------------------------------------------------------------------------------+
; Analysis & Synthesis Resource Utilization by Entity                                                                                                                                    ;
+----------------------------+---------------------+---------------------------+-------------------+------------+------+--------------+---------------------+-------------+--------------+
; Compilation Hierarchy Node ; Combinational ALUTs ; Dedicated Logic Registers ; Block Memory Bits ; DSP Blocks ; Pins ; Virtual Pins ; Full Hierarchy Name ; Entity Name ; Library Name ;
+----------------------------+---------------------+---------------------------+-------------------+------------+------+--------------+---------------------+-------------+--------------+
; |Lab3                      ; 10 (10)             ; 34 (34)                   ; 0                 ; 0          ; 35   ; 0            ; |Lab3               ; Lab3        ; work         ;
+----------------------------+---------------------+---------------------------+-------------------+------------+------+--------------+---------------------+-------------+--------------+
Note: For table entries with two numbers listed, the numbers in parentheses indicate the number of resources of the given type used by the specific entity alone. The numbers listed outside of parentheses indicate the total resources of the given type used by the specific entity and all of its sub-entities in the hierarchy.


+-----------------------------------------------------------------------------------------------------------------------------------------------------------+
; Registers Protected by Synthesis                                                                                                                          ;
+-------------------------------------------+------------------------------------------------------------------+--------------------------------------------+
; Register Name                             ; Protected by Synthesis Attribute or Preserve Register Assignment ; Not to be Touched by Netlist Optimizations ;
+-------------------------------------------+------------------------------------------------------------------+--------------------------------------------+
; reg_sum[0]                                ; yes                                                              ; yes                                        ;
; reg_sum[1]                                ; yes                                                              ; yes                                        ;
; reg_sum[2]                                ; yes                                                              ; yes                                        ;
; reg_sum[3]                                ; yes                                                              ; yes                                        ;
; reg_sum[4]                                ; yes                                                              ; yes                                        ;
; reg_sum[5]                                ; yes                                                              ; yes                                        ;
; reg_sum[6]                                ; yes                                                              ; yes                                        ;
; reg_sum[7]                                ; yes                                                              ; yes                                        ;
; reg_sum[8]                                ; yes                                                              ; yes                                        ;
; reg_sum[9]                                ; yes                                                              ; yes                                        ;
; reg_C[0]                                  ; yes                                                              ; yes                                        ;
; reg_B[0]                                  ; yes                                                              ; yes                                        ;
; reg_A[0]                                  ; yes                                                              ; yes                                        ;
; reg_C[1]                                  ; yes                                                              ; yes                                        ;
; reg_B[1]                                  ; yes                                                              ; yes                                        ;
; reg_A[1]                                  ; yes                                                              ; yes                                        ;
; reg_C[2]                                  ; yes                                                              ; yes                                        ;
; reg_B[2]                                  ; yes                                                              ; yes                                        ;
; reg_A[2]                                  ; yes                                                              ; yes                                        ;
; reg_C[3]                                  ; yes                                                              ; yes                                        ;
; reg_B[3]                                  ; yes                                                              ; yes                                        ;
; reg_A[3]                                  ; yes                                                              ; yes                                        ;
; reg_C[4]                                  ; yes                                                              ; yes                                        ;
; reg_B[4]                                  ; yes                                                              ; yes                                        ;
; reg_A[4]                                  ; yes                                                              ; yes                                        ;
; reg_C[5]                                  ; yes                                                              ; yes                                        ;
; reg_B[5]                                  ; yes                                                              ; yes                                        ;
; reg_A[5]                                  ; yes                                                              ; yes                                        ;
; reg_C[6]                                  ; yes                                                              ; yes                                        ;
; reg_B[6]                                  ; yes                                                              ; yes                                        ;
; reg_A[6]                                  ; yes                                                              ; yes                                        ;
; reg_C[7]                                  ; yes                                                              ; yes                                        ;
; reg_B[7]                                  ; yes                                                              ; yes                                        ;
; reg_A[7]                                  ; yes                                                              ; yes                                        ;
; Total number of protected registers is 34 ;                                                                  ;                                            ;
+-------------------------------------------+------------------------------------------------------------------+--------------------------------------------+


+------------------------------------------------------+
; General Register Statistics                          ;
+----------------------------------------------+-------+
; Statistic                                    ; Value ;
+----------------------------------------------+-------+
; Total registers                              ; 34    ;
; Number of registers using Synchronous Clear  ; 0     ;
; Number of registers using Synchronous Load   ; 0     ;
; Number of registers using Asynchronous Clear ; 0     ;
; Number of registers using Asynchronous Load  ; 0     ;
; Number of registers using Clock Enable       ; 0     ;
; Number of registers using Preset             ; 0     ;
+----------------------------------------------+-------+


+------------------------------------------------+
; Source assignments for Top-level Entity: |Lab3 ;
+-------------------+-------+------+-------------+
; Assignment        ; Value ; From ; To          ;
+-------------------+-------+------+-------------+
; PRESERVE_REGISTER ; on    ; -    ; reg_A[7]    ;
; PRESERVE_REGISTER ; on    ; -    ; reg_A[6]    ;
; PRESERVE_REGISTER ; on    ; -    ; reg_A[5]    ;
; PRESERVE_REGISTER ; on    ; -    ; reg_A[4]    ;
; PRESERVE_REGISTER ; on    ; -    ; reg_A[3]    ;
; PRESERVE_REGISTER ; on    ; -    ; reg_A[2]    ;
; PRESERVE_REGISTER ; on    ; -    ; reg_A[1]    ;
; PRESERVE_REGISTER ; on    ; -    ; reg_A[0]    ;
; PRESERVE_REGISTER ; on    ; -    ; reg_B[7]    ;
; PRESERVE_REGISTER ; on    ; -    ; reg_B[6]    ;
; PRESERVE_REGISTER ; on    ; -    ; reg_B[5]    ;
; PRESERVE_REGISTER ; on    ; -    ; reg_B[4]    ;
; PRESERVE_REGISTER ; on    ; -    ; reg_B[3]    ;
; PRESERVE_REGISTER ; on    ; -    ; reg_B[2]    ;
; PRESERVE_REGISTER ; on    ; -    ; reg_B[1]    ;
; PRESERVE_REGISTER ; on    ; -    ; reg_B[0]    ;
; PRESERVE_REGISTER ; on    ; -    ; reg_C[7]    ;
; PRESERVE_REGISTER ; on    ; -    ; reg_C[6]    ;
; PRESERVE_REGISTER ; on    ; -    ; reg_C[5]    ;
; PRESERVE_REGISTER ; on    ; -    ; reg_C[4]    ;
; PRESERVE_REGISTER ; on    ; -    ; reg_C[3]    ;
; PRESERVE_REGISTER ; on    ; -    ; reg_C[2]    ;
; PRESERVE_REGISTER ; on    ; -    ; reg_C[1]    ;
; PRESERVE_REGISTER ; on    ; -    ; reg_C[0]    ;
; PRESERVE_REGISTER ; on    ; -    ; reg_sum[9]  ;
; PRESERVE_REGISTER ; on    ; -    ; reg_sum[8]  ;
; PRESERVE_REGISTER ; on    ; -    ; reg_sum[7]  ;
; PRESERVE_REGISTER ; on    ; -    ; reg_sum[6]  ;
; PRESERVE_REGISTER ; on    ; -    ; reg_sum[5]  ;
; PRESERVE_REGISTER ; on    ; -    ; reg_sum[4]  ;
; PRESERVE_REGISTER ; on    ; -    ; reg_sum[3]  ;
; PRESERVE_REGISTER ; on    ; -    ; reg_sum[2]  ;
; PRESERVE_REGISTER ; on    ; -    ; reg_sum[1]  ;
; PRESERVE_REGISTER ; on    ; -    ; reg_sum[0]  ;
+-------------------+-------+------+-------------+


+-----------------------------------------------------+
; Post-Synthesis Netlist Statistics for Top Partition ;
+-----------------------+-----------------------------+
; Type                  ; Count                       ;
+-----------------------+-----------------------------+
; arriav_ff             ; 34                          ;
;     plain             ; 34                          ;
; arriav_lcell_comb     ; 10                          ;
;     shared            ; 10                          ;
;         0 data inputs ; 2                           ;
;         3 data inputs ; 8                           ;
; boundary_port         ; 35                          ;
;                       ;                             ;
; Max LUT depth         ; 1.90                        ;
; Average LUT depth     ; 0.93                        ;
+-----------------------+-----------------------------+


+-------------------------------+
; Elapsed Time Per Partition    ;
+----------------+--------------+
; Partition Name ; Elapsed Time ;
+----------------+--------------+
; Top            ; 00:00:00     ;
+----------------+--------------+


+-------------------------------+
; Analysis & Synthesis Messages ;
+-------------------------------+
Info: *******************************************************************
Info: Running Quartus Prime Analysis & Synthesis
    Info: Version 20.1.0 Build 711 06/05/2020 SJ Standard Edition
    Info: Processing started: Thu Sep 10 16:40:29 2020
Info: Command: quartus_map --read_settings_files=on --write_settings_files=off Lab3 -c Lab3
Warning (18236): Number of processors has not been specified which may cause overloading on shared machines.  Set the global assignment NUM_PARALLEL_PROCESSORS in your QSF to an appropriate value for best performance.
Info (20030): Parallel compilation is enabled and will use 12 of the 12 processors detected
Info (12021): Found 1 design units, including 1 entities, in source file lab3.v
    Info (12023): Found entity 1: Lab3 File: C:/Users/Matt Hartnett/Documents/FPGA-Design/ECEN3002_Lab3/Lab3.v Line: 9
Info (12127): Elaborating entity "Lab3" for the top level hierarchy
Info (286030): Timing-Driven Synthesis is running
Info (16010): Generating hard_block partition "hard_block:auto_generated_inst"
    Info (16011): Adding 0 node(s), including 0 DDIO, 0 PLL, 0 transceiver and 0 LCELL
Info (21057): Implemented 69 device resources after synthesis - the final resource count might be different
    Info (21058): Implemented 25 input pins
    Info (21059): Implemented 10 output pins
    Info (21061): Implemented 34 logic cells
Info: Quartus Prime Analysis & Synthesis was successful. 0 errors, 1 warning
    Info: Peak virtual memory: 4861 megabytes
    Info: Processing ended: Thu Sep 10 16:40:35 2020
    Info: Elapsed time: 00:00:06
    Info: Total CPU time (on all processors): 00:00:15


