Flow report for component_tutorial
Thu Oct 29 16:41:14 2020
Quartus Prime Version 20.1.0 Build 711 06/05/2020 SJ Standard Edition


---------------------
; Table of Contents ;
---------------------
  1. Legal Notice
  2. Flow Summary
  3. Flow Settings
  4. Flow Non-Default Global Settings
  5. Flow Elapsed Time
  6. Flow OS Summary
  7. Flow Log
  8. Flow Messages
  9. Flow Suppressed Messages



----------------
; Legal Notice ;
----------------
Copyright (C) 2020  Intel Corporation. All rights reserved.
Your use of Intel Corporation's design tools, logic functions 
and other software and tools, and any partner logic 
functions, and any output files from any of the foregoing 
(including device programming or simulation files), and any 
associated documentation or information are expressly subject 
to the terms and conditions of the Intel Program License 
Subscription Agreement, the Intel Quartus Prime License Agreement,
the Intel FPGA IP License Agreement, or other applicable license
agreement, including, without limitation, that your use is for
the sole purpose of programming logic devices manufactured by
Intel and sold by Intel or its authorized distributors.  Please
refer to the applicable agreement for further details, at
https://fpgasoftware.intel.com/eula.



+-----------------------------------------------------------------------------------+
; Flow Summary                                                                      ;
+---------------------------------+-------------------------------------------------+
; Flow Status                     ; Successful - Thu Oct 29 16:40:59 2020           ;
; Quartus Prime Version           ; 20.1.0 Build 711 06/05/2020 SJ Standard Edition ;
; Revision Name                   ; component_tutorial                              ;
; Top-level Entity Name           ; component_tutorial                              ;
; Family                          ; Cyclone V                                       ;
; Device                          ; 5CSXFC6D6F31C6                                  ;
; Timing Models                   ; Final                                           ;
; Logic utilization (in ALMs)     ; 394 / 41,910 ( < 1 % )                          ;
; Total registers                 ; 619                                             ;
; Total pins                      ; 70 / 499 ( 14 % )                               ;
; Total virtual pins              ; 0                                               ;
; Total block memory bits         ; 512 / 5,662,720 ( < 1 % )                       ;
; Total DSP Blocks                ; 0 / 112 ( 0 % )                                 ;
; Total HSSI RX PCSs              ; 0 / 9 ( 0 % )                                   ;
; Total HSSI PMA RX Deserializers ; 0 / 9 ( 0 % )                                   ;
; Total HSSI TX PCSs              ; 0 / 9 ( 0 % )                                   ;
; Total HSSI PMA TX Serializers   ; 0 / 9 ( 0 % )                                   ;
; Total PLLs                      ; 0 / 15 ( 0 % )                                  ;
; Total DLLs                      ; 0 / 4 ( 0 % )                                   ;
+---------------------------------+-------------------------------------------------+


+-----------------------------------------+
; Flow Settings                           ;
+-------------------+---------------------+
; Option            ; Setting             ;
+-------------------+---------------------+
; Start date & time ; 10/29/2020 16:39:35 ;
; Main task         ; Compilation         ;
; Revision Name     ; component_tutorial  ;
+-------------------+---------------------+


+--------------------------------------------------------------------------------------------------------------------------------------------------------+
; Flow Non-Default Global Settings                                                                                                                       ;
+-------------------------------------+-------------------------------------------------------------------+---------------+-----------------+------------+
; Assignment Name                     ; Value                                                             ; Default Value ; Entity Name     ; Section Id ;
+-------------------------------------+-------------------------------------------------------------------+---------------+-----------------+------------+
; COMPILER_SIGNATURE_ID               ; 207432540240832.160401117506175                                   ; --            ; --              ; --         ;
; MAX_CORE_JUNCTION_TEMP              ; 85                                                                ; --            ; --              ; --         ;
; MIN_CORE_JUNCTION_TEMP              ; 0                                                                 ; --            ; --              ; --         ;
; MISC_FILE                           ; embedded_system/synthesis/../embedded_system.cmp                  ; --            ; --              ; --         ;
; MISC_FILE                           ; embedded_system/synthesis/../../embedded_system.qsys              ; --            ; --              ; --         ;
; PARTITION_COLOR                     ; -- (Not supported for targeted family)                            ; --            ; --              ; Top        ;
; PARTITION_FITTER_PRESERVATION_LEVEL ; -- (Not supported for targeted family)                            ; --            ; --              ; Top        ;
; PARTITION_NETLIST_TYPE              ; -- (Not supported for targeted family)                            ; --            ; --              ; Top        ;
; POWER_BOARD_THERMAL_MODEL           ; None (CONSERVATIVE)                                               ; --            ; --              ; --         ;
; POWER_PRESET_COOLING_SOLUTION       ; 23 MM HEAT SINK WITH 200 LFPM AIRFLOW                             ; --            ; --              ; --         ;
; SLD_FILE                            ; embedded_system/synthesis/embedded_system.debuginfo               ; --            ; --              ; --         ;
; SLD_INFO                            ; QSYS_NAME embedded_system HAS_SOPCINFO 1 GENERATION_ID 1604011103 ; --            ; embedded_system ; --         ;
; SOPCINFO_FILE                       ; embedded_system/synthesis/../../embedded_system.sopcinfo          ; --            ; --              ; --         ;
; SYNTHESIS_ONLY_QIP                  ; On                                                                ; --            ; --              ; --         ;
+-------------------------------------+-------------------------------------------------------------------+---------------+-----------------+------------+


+--------------------------------------------------------------------------------------------------------------------------+
; Flow Elapsed Time                                                                                                        ;
+----------------------+--------------+-------------------------+---------------------+------------------------------------+
; Module Name          ; Elapsed Time ; Average Processors Used ; Peak Virtual Memory ; Total CPU Time (on all processors) ;
+----------------------+--------------+-------------------------+---------------------+------------------------------------+
; Analysis & Synthesis ; 00:00:21     ; 1.0                     ; 555 MB              ; 00:00:52                           ;
; Fitter               ; 00:00:51     ; 1.1                     ; 1957 MB             ; 00:01:35                           ;
; Assembler            ; 00:00:07     ; 1.0                     ; 533 MB              ; 00:00:06                           ;
; Timing Analyzer      ; 00:00:14     ; 1.2                     ; 890 MB              ; 00:00:16                           ;
; Total                ; 00:01:33     ; --                      ; --                  ; 00:02:49                           ;
+----------------------+--------------+-------------------------+---------------------+------------------------------------+


+----------------------------------------------------------------------------------------+
; Flow OS Summary                                                                        ;
+----------------------+------------------+----------------+------------+----------------+
; Module Name          ; Machine Hostname ; OS Name        ; OS Version ; Processor type ;
+----------------------+------------------+----------------+------------+----------------+
; Analysis & Synthesis ; the-daedalus     ; Ubuntu 18.04.4 ; 18         ; x86_64         ;
; Fitter               ; the-daedalus     ; Ubuntu 18.04.4 ; 18         ; x86_64         ;
; Assembler            ; the-daedalus     ; Ubuntu 18.04.4 ; 18         ; x86_64         ;
; Timing Analyzer      ; the-daedalus     ; Ubuntu 18.04.4 ; 18         ; x86_64         ;
+----------------------+------------------+----------------+------------+----------------+


------------
; Flow Log ;
------------
quartus_map --read_settings_files=on --write_settings_files=off component_tutorial -c component_tutorial
quartus_fit --read_settings_files=off --write_settings_files=off component_tutorial -c component_tutorial
quartus_asm --read_settings_files=off --write_settings_files=off component_tutorial -c component_tutorial
quartus_sta component_tutorial -c component_tutorial



