Analysis & Synthesis report for component_tutorial
Thu Oct 22 16:39:09 2020
Quartus Prime Version 20.1.0 Build 711 06/05/2020 SJ Standard Edition


---------------------
; Table of Contents ;
---------------------
  1. Legal Notice
  2. Analysis & Synthesis Summary
  3. Analysis & Synthesis Settings
  4. Parallel Compilation
  5. Analysis & Synthesis Source Files Read
  6. Analysis & Synthesis Resource Usage Summary
  7. Analysis & Synthesis Resource Utilization by Entity
  8. Analysis & Synthesis IP Cores Summary
  9. Registers Removed During Synthesis
 10. Removed Registers Triggering Further Register Optimizations
 11. General Register Statistics
 12. Source assignments for embedded_system:U0|altera_reset_controller:rst_controller|altera_reset_synchronizer:alt_rst_sync_uq1
 13. Source assignments for embedded_system:U0|altera_reset_controller:rst_controller|altera_reset_synchronizer:alt_rst_req_sync_uq1
 14. Parameter Settings for User Entity Instance: embedded_system:U0|altera_reset_controller:rst_controller
 15. Parameter Settings for User Entity Instance: embedded_system:U0|altera_reset_controller:rst_controller|altera_reset_synchronizer:alt_rst_sync_uq1
 16. Parameter Settings for User Entity Instance: embedded_system:U0|altera_reset_controller:rst_controller|altera_reset_synchronizer:alt_rst_req_sync_uq1
 17. Port Connectivity Checks: "embedded_system:U0|altera_reset_controller:rst_controller|altera_reset_synchronizer:alt_rst_req_sync_uq1"
 18. Port Connectivity Checks: "embedded_system:U0|altera_reset_controller:rst_controller"
 19. Port Connectivity Checks: "embedded_system:U0|reg32_avalon_interface:reg32_avalon_interface_0"
 20. Port Connectivity Checks: "embedded_system:U0"
 21. Post-Synthesis Netlist Statistics for Top Partition
 22. Elapsed Time Per Partition
 23. Analysis & Synthesis Messages



----------------
; Legal Notice ;
----------------
Copyright (C) 2020  Intel Corporation. All rights reserved.
Your use of Intel Corporation's design tools, logic functions 
and other software and tools, and any partner logic 
functions, and any output files from any of the foregoing 
(including device programming or simulation files), and any 
associated documentation or information are expressly subject 
to the terms and conditions of the Intel Program License 
Subscription Agreement, the Intel Quartus Prime License Agreement,
the Intel FPGA IP License Agreement, or other applicable license
agreement, including, without limitation, that your use is for
the sole purpose of programming logic devices manufactured by
Intel and sold by Intel or its authorized distributors.  Please
refer to the applicable agreement for further details, at
https://fpgasoftware.intel.com/eula.



+-----------------------------------------------------------------------------------+
; Analysis & Synthesis Summary                                                      ;
+---------------------------------+-------------------------------------------------+
; Analysis & Synthesis Status     ; Successful - Thu Oct 22 16:39:09 2020           ;
; Quartus Prime Version           ; 20.1.0 Build 711 06/05/2020 SJ Standard Edition ;
; Revision Name                   ; component_tutorial                              ;
; Top-level Entity Name           ; component_tutorial                              ;
; Family                          ; Cyclone V                                       ;
; Logic utilization (in ALMs)     ; N/A                                             ;
; Total registers                 ; 0                                               ;
; Total pins                      ; 70                                              ;
; Total virtual pins              ; 0                                               ;
; Total block memory bits         ; 0                                               ;
; Total DSP Blocks                ; 0                                               ;
; Total HSSI RX PCSs              ; 0                                               ;
; Total HSSI PMA RX Deserializers ; 0                                               ;
; Total HSSI TX PCSs              ; 0                                               ;
; Total HSSI PMA TX Serializers   ; 0                                               ;
; Total PLLs                      ; 0                                               ;
; Total DLLs                      ; 0                                               ;
+---------------------------------+-------------------------------------------------+


+---------------------------------------------------------------------------------------------------------------------------+
; Analysis & Synthesis Settings                                                                                             ;
+---------------------------------------------------------------------------------+--------------------+--------------------+
; Option                                                                          ; Setting            ; Default Value      ;
+---------------------------------------------------------------------------------+--------------------+--------------------+
; Device                                                                          ; 5CSXFC6D6F31C6     ;                    ;
; Top-level entity name                                                           ; component_tutorial ; component_tutorial ;
; Family name                                                                     ; Cyclone V          ; Cyclone V          ;
; Use smart compilation                                                           ; Off                ; Off                ;
; Enable parallel Assembler and Timing Analyzer during compilation                ; On                 ; On                 ;
; Enable compact report table                                                     ; Off                ; Off                ;
; Restructure Multiplexers                                                        ; Auto               ; Auto               ;
; MLAB Add Timing Constraints For Mixed-Port Feed-Through Mode Setting Don't Care ; Off                ; Off                ;
; Create Debugging Nodes for IP Cores                                             ; Off                ; Off                ;
; Preserve fewer node names                                                       ; On                 ; On                 ;
; Intel FPGA IP Evaluation Mode                                                   ; Enable             ; Enable             ;
; Verilog Version                                                                 ; Verilog_2001       ; Verilog_2001       ;
; VHDL Version                                                                    ; VHDL_1993          ; VHDL_1993          ;
; State Machine Processing                                                        ; Auto               ; Auto               ;
; Safe State Machine                                                              ; Off                ; Off                ;
; Extract Verilog State Machines                                                  ; On                 ; On                 ;
; Extract VHDL State Machines                                                     ; On                 ; On                 ;
; Ignore Verilog initial constructs                                               ; Off                ; Off                ;
; Iteration limit for constant Verilog loops                                      ; 5000               ; 5000               ;
; Iteration limit for non-constant Verilog loops                                  ; 250                ; 250                ;
; Add Pass-Through Logic to Inferred RAMs                                         ; On                 ; On                 ;
; Infer RAMs from Raw Logic                                                       ; On                 ; On                 ;
; Parallel Synthesis                                                              ; On                 ; On                 ;
; DSP Block Balancing                                                             ; Auto               ; Auto               ;
; NOT Gate Push-Back                                                              ; On                 ; On                 ;
; Power-Up Don't Care                                                             ; On                 ; On                 ;
; Remove Redundant Logic Cells                                                    ; Off                ; Off                ;
; Remove Duplicate Registers                                                      ; On                 ; On                 ;
; Ignore CARRY Buffers                                                            ; Off                ; Off                ;
; Ignore CASCADE Buffers                                                          ; Off                ; Off                ;
; Ignore GLOBAL Buffers                                                           ; Off                ; Off                ;
; Ignore ROW GLOBAL Buffers                                                       ; Off                ; Off                ;
; Ignore LCELL Buffers                                                            ; Off                ; Off                ;
; Ignore SOFT Buffers                                                             ; On                 ; On                 ;
; Limit AHDL Integers to 32 Bits                                                  ; Off                ; Off                ;
; Optimization Technique                                                          ; Balanced           ; Balanced           ;
; Carry Chain Length                                                              ; 70                 ; 70                 ;
; Auto Carry Chains                                                               ; On                 ; On                 ;
; Auto Open-Drain Pins                                                            ; On                 ; On                 ;
; Perform WYSIWYG Primitive Resynthesis                                           ; Off                ; Off                ;
; Auto ROM Replacement                                                            ; On                 ; On                 ;
; Auto RAM Replacement                                                            ; On                 ; On                 ;
; Auto DSP Block Replacement                                                      ; On                 ; On                 ;
; Auto Shift Register Replacement                                                 ; Auto               ; Auto               ;
; Allow Shift Register Merging across Hierarchies                                 ; Auto               ; Auto               ;
; Auto Clock Enable Replacement                                                   ; On                 ; On                 ;
; Strict RAM Replacement                                                          ; Off                ; Off                ;
; Allow Synchronous Control Signals                                               ; On                 ; On                 ;
; Force Use of Synchronous Clear Signals                                          ; Off                ; Off                ;
; Auto Resource Sharing                                                           ; Off                ; Off                ;
; Allow Any RAM Size For Recognition                                              ; Off                ; Off                ;
; Allow Any ROM Size For Recognition                                              ; Off                ; Off                ;
; Allow Any Shift Register Size For Recognition                                   ; Off                ; Off                ;
; Use LogicLock Constraints during Resource Balancing                             ; On                 ; On                 ;
; Ignore translate_off and synthesis_off directives                               ; Off                ; Off                ;
; Timing-Driven Synthesis                                                         ; On                 ; On                 ;
; Report Parameter Settings                                                       ; On                 ; On                 ;
; Report Source Assignments                                                       ; On                 ; On                 ;
; Report Connectivity Checks                                                      ; On                 ; On                 ;
; Ignore Maximum Fan-Out Assignments                                              ; Off                ; Off                ;
; Synchronization Register Chain Length                                           ; 3                  ; 3                  ;
; Power Optimization During Synthesis                                             ; Normal compilation ; Normal compilation ;
; HDL message level                                                               ; Level2             ; Level2             ;
; Suppress Register Optimization Related Messages                                 ; Off                ; Off                ;
; Number of Removed Registers Reported in Synthesis Report                        ; 5000               ; 5000               ;
; Number of Swept Nodes Reported in Synthesis Report                              ; 5000               ; 5000               ;
; Number of Inverted Registers Reported in Synthesis Report                       ; 100                ; 100                ;
; Clock MUX Protection                                                            ; On                 ; On                 ;
; Auto Gated Clock Conversion                                                     ; Off                ; Off                ;
; Block Design Naming                                                             ; Auto               ; Auto               ;
; SDC constraint protection                                                       ; Off                ; Off                ;
; Synthesis Effort                                                                ; Auto               ; Auto               ;
; Shift Register Replacement - Allow Asynchronous Clear Signal                    ; On                 ; On                 ;
; Pre-Mapping Resynthesis Optimization                                            ; Off                ; Off                ;
; Analysis & Synthesis Message Level                                              ; Medium             ; Medium             ;
; Disable Register Merging Across Hierarchies                                     ; Auto               ; Auto               ;
; Resource Aware Inference For Block RAM                                          ; On                 ; On                 ;
; Automatic Parallel Synthesis                                                    ; On                 ; On                 ;
; Partial Reconfiguration Bitstream ID                                            ; Off                ; Off                ;
+---------------------------------------------------------------------------------+--------------------+--------------------+


+------------------------------------------+
; Parallel Compilation                     ;
+----------------------------+-------------+
; Processors                 ; Number      ;
+----------------------------+-------------+
; Number detected on machine ; 12          ;
; Maximum allowed            ; 12          ;
;                            ;             ;
; Average used               ; 1.00        ;
; Maximum used               ; 1           ;
;                            ;             ;
; Usage by Processor         ; % Time Used ;
;     Processor 1            ; 100.0%      ;
+----------------------------+-------------+


+-----------------------------------------------------------------------------------------------------------------------------------------------------------------------------------------------------------------------------------------+
; Analysis & Synthesis Source Files Read                                                                                                                                                                                                  ;
+------------------------------------------------------------------+-----------------+------------------------------+---------------------------------------------------------------------------------------------------+-----------------+
; File Name with User-Entered Path                                 ; Used in Netlist ; File Type                    ; File Name with Absolute Path                                                                      ; Library         ;
+------------------------------------------------------------------+-----------------+------------------------------+---------------------------------------------------------------------------------------------------+-----------------+
; hex7seg.v                                                        ; yes             ; User Verilog HDL File        ; F:/FPGADesign/component_tutorial/hex7seg.v                                                        ;                 ;
; embedded_system/synthesis/embedded_system.v                      ; yes             ; User Verilog HDL File        ; F:/FPGADesign/component_tutorial/embedded_system/synthesis/embedded_system.v                      ; embedded_system ;
; embedded_system/synthesis/submodules/altera_reset_controller.v   ; yes             ; User Verilog HDL File        ; F:/FPGADesign/component_tutorial/embedded_system/synthesis/submodules/altera_reset_controller.v   ; embedded_system ;
; embedded_system/synthesis/submodules/altera_reset_synchronizer.v ; yes             ; User Verilog HDL File        ; F:/FPGADesign/component_tutorial/embedded_system/synthesis/submodules/altera_reset_synchronizer.v ; embedded_system ;
; embedded_system/synthesis/submodules/reg32_avalon_interface.v    ; yes             ; User Verilog HDL File        ; F:/FPGADesign/component_tutorial/embedded_system/synthesis/submodules/reg32_avalon_interface.v    ; embedded_system ;
; embedded_system/synthesis/submodules/reg32.v                     ; yes             ; User Verilog HDL File        ; F:/FPGADesign/component_tutorial/embedded_system/synthesis/submodules/reg32.v                     ; embedded_system ;
; component_tutorial.v                                             ; yes             ; Auto-Found Verilog HDL File  ; F:/FPGADesign/component_tutorial/component_tutorial.v                                             ;                 ;
+------------------------------------------------------------------+-----------------+------------------------------+---------------------------------------------------------------------------------------------------+-----------------+


+---------------------------------------------------------+
; Analysis & Synthesis Resource Usage Summary             ;
+---------------------------------------------+-----------+
; Resource                                    ; Usage     ;
+---------------------------------------------+-----------+
; Estimate of Logic utilization (ALMs needed) ; 0         ;
;                                             ;           ;
; Combinational ALUT usage for logic          ; 0         ;
;     -- 7 input functions                    ; 0         ;
;     -- 6 input functions                    ; 0         ;
;     -- 5 input functions                    ; 0         ;
;     -- 4 input functions                    ; 0         ;
;     -- <=3 input functions                  ; 0         ;
;                                             ;           ;
; Dedicated logic registers                   ; 0         ;
;                                             ;           ;
; I/O pins                                    ; 70        ;
;                                             ;           ;
; Total DSP Blocks                            ; 0         ;
;                                             ;           ;
; Maximum fan-out node                        ; CLOCK2_50 ;
; Maximum fan-out                             ; 1         ;
; Total fan-out                               ; 70        ;
; Average fan-out                             ; 0.50      ;
+---------------------------------------------+-----------+


+-----------------------------------------------------------------------------------------------------------------------------------------------------------------------------------------------+
; Analysis & Synthesis Resource Utilization by Entity                                                                                                                                           ;
+----------------------------+---------------------+---------------------------+-------------------+------------+------+--------------+---------------------+--------------------+--------------+
; Compilation Hierarchy Node ; Combinational ALUTs ; Dedicated Logic Registers ; Block Memory Bits ; DSP Blocks ; Pins ; Virtual Pins ; Full Hierarchy Name ; Entity Name        ; Library Name ;
+----------------------------+---------------------+---------------------------+-------------------+------------+------+--------------+---------------------+--------------------+--------------+
; |component_tutorial        ; 0 (0)               ; 0 (0)                     ; 0                 ; 0          ; 70   ; 0            ; |component_tutorial ; component_tutorial ; work         ;
+----------------------------+---------------------+---------------------------+-------------------+------------+------+--------------+---------------------+--------------------+--------------+
Note: For table entries with two numbers listed, the numbers in parentheses indicate the number of resources of the given type used by the specific entity alone. The numbers listed outside of parentheses indicate the total resources of the given type used by the specific entity and all of its sub-entities in the hierarchy.


+---------------------------------------------------------------------------------------------------------------------------------------------------------------------------------+
; Analysis & Synthesis IP Cores Summary                                                                                                                                           ;
+--------+-------------------------+---------+--------------+--------------+-------------------------------------------------------------------------------+----------------------+
; Vendor ; IP Core Name            ; Version ; Release Date ; License Type ; Entity Instance                                                               ; IP Include File      ;
+--------+-------------------------+---------+--------------+--------------+-------------------------------------------------------------------------------+----------------------+
; N/A    ; Qsys                    ; 20.1    ; N/A          ; N/A          ; |component_tutorial|embedded_system:U0                                        ; embedded_system.qsys ;
; Altera ; altera_reset_controller ; 20.1    ; N/A          ; N/A          ; |component_tutorial|embedded_system:U0|altera_reset_controller:rst_controller ; embedded_system.qsys ;
+--------+-------------------------+---------+--------------+--------------+-------------------------------------------------------------------------------+----------------------+


+----------------------------------------------------------------------------------------------------------------------------------------------------------------------------------------+
; Registers Removed During Synthesis                                                                                                                                                     ;
+-----------------------------------------------------------------------------------------------------------------------------------------------+----------------------------------------+
; Register name                                                                                                                                 ; Reason for Removal                     ;
+-----------------------------------------------------------------------------------------------------------------------------------------------+----------------------------------------+
; embedded_system:U0|reg32_avalon_interface:reg32_avalon_interface_0|reg32:U1|Q[0..11]                                                          ; Stuck at GND due to stuck port data_in ;
; embedded_system:U0|altera_reset_controller:rst_controller|altera_reset_synchronizer:alt_rst_sync_uq1|altera_reset_synchronizer_int_chain_out  ; Lost fanout                            ;
; embedded_system:U0|altera_reset_controller:rst_controller|altera_reset_synchronizer:alt_rst_sync_uq1|altera_reset_synchronizer_int_chain[0,1] ; Lost fanout                            ;
; Total Number of Removed Registers = 15                                                                                                        ;                                        ;
+-----------------------------------------------------------------------------------------------------------------------------------------------+----------------------------------------+


+--------------------------------------------------------------------------------------------------------------------------------------------------------------------------------------------------------------------------------------------------------------+
; Removed Registers Triggering Further Register Optimizations                                                                                                                                                                                                  ;
+----------------------------------------------------------------------------------+---------------------------+-----------------------------------------------------------------------------------------------------------------------------------------------+
; Register name                                                                    ; Reason for Removal        ; Registers Removed due to This Register                                                                                                        ;
+----------------------------------------------------------------------------------+---------------------------+-----------------------------------------------------------------------------------------------------------------------------------------------+
; embedded_system:U0|reg32_avalon_interface:reg32_avalon_interface_0|reg32:U1|Q[0] ; Stuck at GND              ; embedded_system:U0|altera_reset_controller:rst_controller|altera_reset_synchronizer:alt_rst_sync_uq1|altera_reset_synchronizer_int_chain_out, ;
;                                                                                  ; due to stuck port data_in ; embedded_system:U0|altera_reset_controller:rst_controller|altera_reset_synchronizer:alt_rst_sync_uq1|altera_reset_synchronizer_int_chain[0],  ;
;                                                                                  ;                           ; embedded_system:U0|altera_reset_controller:rst_controller|altera_reset_synchronizer:alt_rst_sync_uq1|altera_reset_synchronizer_int_chain[1]   ;
+----------------------------------------------------------------------------------+---------------------------+-----------------------------------------------------------------------------------------------------------------------------------------------+


+------------------------------------------------------+
; General Register Statistics                          ;
+----------------------------------------------+-------+
; Statistic                                    ; Value ;
+----------------------------------------------+-------+
; Total registers                              ; 0     ;
; Number of registers using Synchronous Clear  ; 0     ;
; Number of registers using Synchronous Load   ; 0     ;
; Number of registers using Asynchronous Clear ; 0     ;
; Number of registers using Asynchronous Load  ; 0     ;
; Number of registers using Clock Enable       ; 0     ;
; Number of registers using Preset             ; 0     ;
+----------------------------------------------+-------+


+-----------------------------------------------------------------------------------------------------------------------------+
; Source assignments for embedded_system:U0|altera_reset_controller:rst_controller|altera_reset_synchronizer:alt_rst_sync_uq1 ;
+-------------------+-------+------+------------------------------------------------------------------------------------------+
; Assignment        ; Value ; From ; To                                                                                       ;
+-------------------+-------+------+------------------------------------------------------------------------------------------+
; PRESERVE_REGISTER ; on    ; -    ; altera_reset_synchronizer_int_chain[1]                                                   ;
; PRESERVE_REGISTER ; on    ; -    ; altera_reset_synchronizer_int_chain[0]                                                   ;
+-------------------+-------+------+------------------------------------------------------------------------------------------+


+---------------------------------------------------------------------------------------------------------------------------------+
; Source assignments for embedded_system:U0|altera_reset_controller:rst_controller|altera_reset_synchronizer:alt_rst_req_sync_uq1 ;
+-------------------+-------+------+----------------------------------------------------------------------------------------------+
; Assignment        ; Value ; From ; To                                                                                           ;
+-------------------+-------+------+----------------------------------------------------------------------------------------------+
; PRESERVE_REGISTER ; on    ; -    ; altera_reset_synchronizer_int_chain[0]                                                       ;
; PRESERVE_REGISTER ; on    ; -    ; altera_reset_synchronizer_int_chain[1]                                                       ;
+-------------------+-------+------+----------------------------------------------------------------------------------------------+


+--------------------------------------------------------------------------------------------------------+
; Parameter Settings for User Entity Instance: embedded_system:U0|altera_reset_controller:rst_controller ;
+---------------------------+----------+-----------------------------------------------------------------+
; Parameter Name            ; Value    ; Type                                                            ;
+---------------------------+----------+-----------------------------------------------------------------+
; NUM_RESET_INPUTS          ; 1        ; Signed Integer                                                  ;
; USE_RESET_REQUEST_IN0     ; 0        ; Signed Integer                                                  ;
; USE_RESET_REQUEST_IN1     ; 0        ; Signed Integer                                                  ;
; USE_RESET_REQUEST_IN2     ; 0        ; Signed Integer                                                  ;
; USE_RESET_REQUEST_IN3     ; 0        ; Signed Integer                                                  ;
; USE_RESET_REQUEST_IN4     ; 0        ; Signed Integer                                                  ;
; USE_RESET_REQUEST_IN5     ; 0        ; Signed Integer                                                  ;
; USE_RESET_REQUEST_IN6     ; 0        ; Signed Integer                                                  ;
; USE_RESET_REQUEST_IN7     ; 0        ; Signed Integer                                                  ;
; USE_RESET_REQUEST_IN8     ; 0        ; Signed Integer                                                  ;
; USE_RESET_REQUEST_IN9     ; 0        ; Signed Integer                                                  ;
; USE_RESET_REQUEST_IN10    ; 0        ; Signed Integer                                                  ;
; USE_RESET_REQUEST_IN11    ; 0        ; Signed Integer                                                  ;
; USE_RESET_REQUEST_IN12    ; 0        ; Signed Integer                                                  ;
; USE_RESET_REQUEST_IN13    ; 0        ; Signed Integer                                                  ;
; USE_RESET_REQUEST_IN14    ; 0        ; Signed Integer                                                  ;
; USE_RESET_REQUEST_IN15    ; 0        ; Signed Integer                                                  ;
; OUTPUT_RESET_SYNC_EDGES   ; deassert ; String                                                          ;
; SYNC_DEPTH                ; 2        ; Signed Integer                                                  ;
; RESET_REQUEST_PRESENT     ; 0        ; Signed Integer                                                  ;
; RESET_REQ_WAIT_TIME       ; 1        ; Signed Integer                                                  ;
; MIN_RST_ASSERTION_TIME    ; 3        ; Signed Integer                                                  ;
; RESET_REQ_EARLY_DSRT_TIME ; 1        ; Signed Integer                                                  ;
; ADAPT_RESET_REQUEST       ; 0        ; Signed Integer                                                  ;
+---------------------------+----------+-----------------------------------------------------------------+
Note: In order to hide this table in the UI and the text report file, please set the "Show Parameter Settings in Synthesis Report" option in "Analysis and Synthesis Settings -> More Settings" to "Off".


+---------------------------------------------------------------------------------------------------------------------------------------------------+
; Parameter Settings for User Entity Instance: embedded_system:U0|altera_reset_controller:rst_controller|altera_reset_synchronizer:alt_rst_sync_uq1 ;
+----------------+-------+--------------------------------------------------------------------------------------------------------------------------+
; Parameter Name ; Value ; Type                                                                                                                     ;
+----------------+-------+--------------------------------------------------------------------------------------------------------------------------+
; ASYNC_RESET    ; 1     ; Unsigned Binary                                                                                                          ;
; DEPTH          ; 2     ; Signed Integer                                                                                                           ;
+----------------+-------+--------------------------------------------------------------------------------------------------------------------------+
Note: In order to hide this table in the UI and the text report file, please set the "Show Parameter Settings in Synthesis Report" option in "Analysis and Synthesis Settings -> More Settings" to "Off".


+-------------------------------------------------------------------------------------------------------------------------------------------------------+
; Parameter Settings for User Entity Instance: embedded_system:U0|altera_reset_controller:rst_controller|altera_reset_synchronizer:alt_rst_req_sync_uq1 ;
+----------------+-------+------------------------------------------------------------------------------------------------------------------------------+
; Parameter Name ; Value ; Type                                                                                                                         ;
+----------------+-------+------------------------------------------------------------------------------------------------------------------------------+
; ASYNC_RESET    ; 0     ; Signed Integer                                                                                                               ;
; DEPTH          ; 2     ; Signed Integer                                                                                                               ;
+----------------+-------+------------------------------------------------------------------------------------------------------------------------------+
Note: In order to hide this table in the UI and the text report file, please set the "Show Parameter Settings in Synthesis Report" option in "Analysis and Synthesis Settings -> More Settings" to "Off".


+--------------------------------------------------------------------------------------------------------------------------------------+
; Port Connectivity Checks: "embedded_system:U0|altera_reset_controller:rst_controller|altera_reset_synchronizer:alt_rst_req_sync_uq1" ;
+----------+-------+----------+--------------------------------------------------------------------------------------------------------+
; Port     ; Type  ; Severity ; Details                                                                                                ;
+----------+-------+----------+--------------------------------------------------------------------------------------------------------+
; reset_in ; Input ; Info     ; Stuck at GND                                                                                           ;
+----------+-------+----------+--------------------------------------------------------------------------------------------------------+


+---------------------------------------------------------------------------------------+
; Port Connectivity Checks: "embedded_system:U0|altera_reset_controller:rst_controller" ;
+----------------+--------+----------+--------------------------------------------------+
; Port           ; Type   ; Severity ; Details                                          ;
+----------------+--------+----------+--------------------------------------------------+
; reset_req      ; Output ; Info     ; Explicitly unconnected                           ;
; reset_req_in0  ; Input  ; Info     ; Stuck at GND                                     ;
; reset_in1      ; Input  ; Info     ; Stuck at GND                                     ;
; reset_req_in1  ; Input  ; Info     ; Stuck at GND                                     ;
; reset_in2      ; Input  ; Info     ; Stuck at GND                                     ;
; reset_req_in2  ; Input  ; Info     ; Stuck at GND                                     ;
; reset_in3      ; Input  ; Info     ; Stuck at GND                                     ;
; reset_req_in3  ; Input  ; Info     ; Stuck at GND                                     ;
; reset_in4      ; Input  ; Info     ; Stuck at GND                                     ;
; reset_req_in4  ; Input  ; Info     ; Stuck at GND                                     ;
; reset_in5      ; Input  ; Info     ; Stuck at GND                                     ;
; reset_req_in5  ; Input  ; Info     ; Stuck at GND                                     ;
; reset_in6      ; Input  ; Info     ; Stuck at GND                                     ;
; reset_req_in6  ; Input  ; Info     ; Stuck at GND                                     ;
; reset_in7      ; Input  ; Info     ; Stuck at GND                                     ;
; reset_req_in7  ; Input  ; Info     ; Stuck at GND                                     ;
; reset_in8      ; Input  ; Info     ; Stuck at GND                                     ;
; reset_req_in8  ; Input  ; Info     ; Stuck at GND                                     ;
; reset_in9      ; Input  ; Info     ; Stuck at GND                                     ;
; reset_req_in9  ; Input  ; Info     ; Stuck at GND                                     ;
; reset_in10     ; Input  ; Info     ; Stuck at GND                                     ;
; reset_req_in10 ; Input  ; Info     ; Stuck at GND                                     ;
; reset_in11     ; Input  ; Info     ; Stuck at GND                                     ;
; reset_req_in11 ; Input  ; Info     ; Stuck at GND                                     ;
; reset_in12     ; Input  ; Info     ; Stuck at GND                                     ;
; reset_req_in12 ; Input  ; Info     ; Stuck at GND                                     ;
; reset_in13     ; Input  ; Info     ; Stuck at GND                                     ;
; reset_req_in13 ; Input  ; Info     ; Stuck at GND                                     ;
; reset_in14     ; Input  ; Info     ; Stuck at GND                                     ;
; reset_req_in14 ; Input  ; Info     ; Stuck at GND                                     ;
; reset_in15     ; Input  ; Info     ; Stuck at GND                                     ;
; reset_req_in15 ; Input  ; Info     ; Stuck at GND                                     ;
+----------------+--------+----------+--------------------------------------------------+


+------------------------------------------------------------------------------------------------+
; Port Connectivity Checks: "embedded_system:U0|reg32_avalon_interface:reg32_avalon_interface_0" ;
+------------+--------+----------+---------------------------------------------------------------+
; Port       ; Type   ; Severity ; Details                                                       ;
+------------+--------+----------+---------------------------------------------------------------+
; writedata  ; Input  ; Info     ; Explicitly unconnected                                        ;
; readdata   ; Output ; Info     ; Explicitly unconnected                                        ;
; write      ; Input  ; Info     ; Explicitly unconnected                                        ;
; read       ; Input  ; Info     ; Explicitly unconnected                                        ;
; byteenable ; Input  ; Info     ; Explicitly unconnected                                        ;
; chipselect ; Input  ; Info     ; Explicitly unconnected                                        ;
+------------+--------+----------+---------------------------------------------------------------+


+--------------------------------------------------------------------------------------------------------------------------------------------------------------------------------------+
; Port Connectivity Checks: "embedded_system:U0"                                                                                                                                       ;
+-------------------------+--------+----------+----------------------------------------------------------------------------------------------------------------------------------------+
; Port                    ; Type   ; Severity ; Details                                                                                                                                ;
+-------------------------+--------+----------+----------------------------------------------------------------------------------------------------------------------------------------+
; to_hex_readdata         ; Output ; Warning  ; Output or bidir port (32 bits) is wider than the port expression (16 bits) it drives; bit(s) "to_hex_readdata[31..16]" have no fanouts ;
; to_hex_readdata[15..12] ; Output ; Info     ; Connected to dangling logic. Logic that only feeds a dangling port will be removed.                                                    ;
+-------------------------+--------+----------+----------------------------------------------------------------------------------------------------------------------------------------+


+-----------------------------------------------------+
; Post-Synthesis Netlist Statistics for Top Partition ;
+-----------------------+-----------------------------+
; Type                  ; Count                       ;
+-----------------------+-----------------------------+
; arriav_lcell_comb     ; 2                           ;
;     normal            ; 2                           ;
;         0 data inputs ; 2                           ;
; boundary_port         ; 70                          ;
;                       ;                             ;
; Max LUT depth         ; 0.00                        ;
; Average LUT depth     ; 0.00                        ;
+-----------------------+-----------------------------+


+-------------------------------+
; Elapsed Time Per Partition    ;
+----------------+--------------+
; Partition Name ; Elapsed Time ;
+----------------+--------------+
; Top            ; 00:00:00     ;
+----------------+--------------+


+-------------------------------+
; Analysis & Synthesis Messages ;
+-------------------------------+
Info: *******************************************************************
Info: Running Quartus Prime Analysis & Synthesis
    Info: Version 20.1.0 Build 711 06/05/2020 SJ Standard Edition
    Info: Processing started: Thu Oct 22 16:39:02 2020
Info: Command: quartus_map --read_settings_files=on --write_settings_files=off component_tutorial -c component_tutorial
Warning (18236): Number of processors has not been specified which may cause overloading on shared machines.  Set the global assignment NUM_PARALLEL_PROCESSORS in your QSF to an appropriate value for best performance.
Info (20030): Parallel compilation is enabled and will use 12 of the 12 processors detected
Info (12021): Found 1 design units, including 1 entities, in source file hex7seg.v
    Info (12023): Found entity 1: hex7seg File: F:/FPGADesign/component_tutorial/hex7seg.v Line: 1
Info (12021): Found 1 design units, including 1 entities, in source file embedded_system/synthesis/embedded_system.v
    Info (12023): Found entity 1: embedded_system File: F:/FPGADesign/component_tutorial/embedded_system/synthesis/embedded_system.v Line: 6
Info (12021): Found 1 design units, including 1 entities, in source file embedded_system/synthesis/submodules/altera_reset_controller.v
    Info (12023): Found entity 1: altera_reset_controller File: F:/FPGADesign/component_tutorial/embedded_system/synthesis/submodules/altera_reset_controller.v Line: 42
Info (12021): Found 1 design units, including 1 entities, in source file embedded_system/synthesis/submodules/altera_reset_synchronizer.v
    Info (12023): Found entity 1: altera_reset_synchronizer File: F:/FPGADesign/component_tutorial/embedded_system/synthesis/submodules/altera_reset_synchronizer.v Line: 24
Info (12021): Found 1 design units, including 1 entities, in source file embedded_system/synthesis/submodules/reg32_avalon_interface.v
    Info (12023): Found entity 1: reg32_avalon_interface File: F:/FPGADesign/component_tutorial/embedded_system/synthesis/submodules/reg32_avalon_interface.v Line: 1
Info (12021): Found 1 design units, including 1 entities, in source file embedded_system/synthesis/submodules/reg32.v
    Info (12023): Found entity 1: reg32 File: F:/FPGADesign/component_tutorial/embedded_system/synthesis/submodules/reg32.v Line: 1
Info (12021): Found 1 design units, including 1 entities, in source file reg32_avalon_interface.v
    Info (12023): Found entity 1: reg32_avalon_interface File: F:/FPGADesign/component_tutorial/reg32_avalon_interface.v Line: 1
Info (12021): Found 1 design units, including 1 entities, in source file reg32.v
    Info (12023): Found entity 1: reg32 File: F:/FPGADesign/component_tutorial/reg32.v Line: 1
Warning (12125): Using design file component_tutorial.v, which is not specified as a design file for the current project, but contains definitions for 1 design units and 1 entities in project
    Info (12023): Found entity 1: component_tutorial File: F:/FPGADesign/component_tutorial/component_tutorial.v Line: 6
Info (12127): Elaborating entity "component_tutorial" for the top level hierarchy
Warning (10034): Output port "LEDR" at component_tutorial.v(21) has no driver File: F:/FPGADesign/component_tutorial/component_tutorial.v Line: 21
Warning (10034): Output port "HEX3" at component_tutorial.v(27) has no driver File: F:/FPGADesign/component_tutorial/component_tutorial.v Line: 27
Warning (10034): Output port "HEX4" at component_tutorial.v(28) has no driver File: F:/FPGADesign/component_tutorial/component_tutorial.v Line: 28
Warning (10034): Output port "HEX5" at component_tutorial.v(30) has no driver File: F:/FPGADesign/component_tutorial/component_tutorial.v Line: 30
Info (12128): Elaborating entity "embedded_system" for hierarchy "embedded_system:U0" File: F:/FPGADesign/component_tutorial/component_tutorial.v Line: 46
Info (12128): Elaborating entity "reg32_avalon_interface" for hierarchy "embedded_system:U0|reg32_avalon_interface:reg32_avalon_interface_0" File: F:/FPGADesign/component_tutorial/embedded_system/synthesis/embedded_system.v Line: 24
Info (12128): Elaborating entity "reg32" for hierarchy "embedded_system:U0|reg32_avalon_interface:reg32_avalon_interface_0|reg32:U1" File: F:/FPGADesign/component_tutorial/embedded_system/synthesis/submodules/reg32_avalon_interface.v Line: 15
Info (12128): Elaborating entity "altera_reset_controller" for hierarchy "embedded_system:U0|altera_reset_controller:rst_controller" File: F:/FPGADesign/component_tutorial/embedded_system/synthesis/embedded_system.v Line: 87
Info (12128): Elaborating entity "altera_reset_synchronizer" for hierarchy "embedded_system:U0|altera_reset_controller:rst_controller|altera_reset_synchronizer:alt_rst_sync_uq1" File: F:/FPGADesign/component_tutorial/embedded_system/synthesis/submodules/altera_reset_controller.v Line: 208
Info (12128): Elaborating entity "altera_reset_synchronizer" for hierarchy "embedded_system:U0|altera_reset_controller:rst_controller|altera_reset_synchronizer:alt_rst_req_sync_uq1" File: F:/FPGADesign/component_tutorial/embedded_system/synthesis/submodules/altera_reset_controller.v Line: 220
Info (12128): Elaborating entity "hex7seg" for hierarchy "hex7seg:h0" File: F:/FPGADesign/component_tutorial/component_tutorial.v Line: 47
Warning (12241): 1 hierarchies have connectivity warnings - see the Connectivity Checks report folder
Warning (13024): Output pins are stuck at VCC or GND
    Warning (13410): Pin "LEDR[0]" is stuck at GND File: F:/FPGADesign/component_tutorial/component_tutorial.v Line: 21
    Warning (13410): Pin "LEDR[1]" is stuck at GND File: F:/FPGADesign/component_tutorial/component_tutorial.v Line: 21
    Warning (13410): Pin "LEDR[2]" is stuck at GND File: F:/FPGADesign/component_tutorial/component_tutorial.v Line: 21
    Warning (13410): Pin "LEDR[3]" is stuck at GND File: F:/FPGADesign/component_tutorial/component_tutorial.v Line: 21
    Warning (13410): Pin "LEDR[4]" is stuck at GND File: F:/FPGADesign/component_tutorial/component_tutorial.v Line: 21
    Warning (13410): Pin "LEDR[5]" is stuck at GND File: F:/FPGADesign/component_tutorial/component_tutorial.v Line: 21
    Warning (13410): Pin "LEDR[6]" is stuck at GND File: F:/FPGADesign/component_tutorial/component_tutorial.v Line: 21
    Warning (13410): Pin "LEDR[7]" is stuck at GND File: F:/FPGADesign/component_tutorial/component_tutorial.v Line: 21
    Warning (13410): Pin "LEDR[8]" is stuck at GND File: F:/FPGADesign/component_tutorial/component_tutorial.v Line: 21
    Warning (13410): Pin "LEDR[9]" is stuck at GND File: F:/FPGADesign/component_tutorial/component_tutorial.v Line: 21
    Warning (13410): Pin "HEX0[0]" is stuck at VCC File: F:/FPGADesign/component_tutorial/component_tutorial.v Line: 24
    Warning (13410): Pin "HEX0[1]" is stuck at GND File: F:/FPGADesign/component_tutorial/component_tutorial.v Line: 24
    Warning (13410): Pin "HEX0[2]" is stuck at GND File: F:/FPGADesign/component_tutorial/component_tutorial.v Line: 24
    Warning (13410): Pin "HEX0[3]" is stuck at GND File: F:/FPGADesign/component_tutorial/component_tutorial.v Line: 24
    Warning (13410): Pin "HEX0[4]" is stuck at GND File: F:/FPGADesign/component_tutorial/component_tutorial.v Line: 24
    Warning (13410): Pin "HEX0[5]" is stuck at GND File: F:/FPGADesign/component_tutorial/component_tutorial.v Line: 24
    Warning (13410): Pin "HEX0[6]" is stuck at GND File: F:/FPGADesign/component_tutorial/component_tutorial.v Line: 24
    Warning (13410): Pin "HEX1[0]" is stuck at VCC File: F:/FPGADesign/component_tutorial/component_tutorial.v Line: 25
    Warning (13410): Pin "HEX1[1]" is stuck at GND File: F:/FPGADesign/component_tutorial/component_tutorial.v Line: 25
    Warning (13410): Pin "HEX1[2]" is stuck at GND File: F:/FPGADesign/component_tutorial/component_tutorial.v Line: 25
    Warning (13410): Pin "HEX1[3]" is stuck at GND File: F:/FPGADesign/component_tutorial/component_tutorial.v Line: 25
    Warning (13410): Pin "HEX1[4]" is stuck at GND File: F:/FPGADesign/component_tutorial/component_tutorial.v Line: 25
    Warning (13410): Pin "HEX1[5]" is stuck at GND File: F:/FPGADesign/component_tutorial/component_tutorial.v Line: 25
    Warning (13410): Pin "HEX1[6]" is stuck at GND File: F:/FPGADesign/component_tutorial/component_tutorial.v Line: 25
    Warning (13410): Pin "HEX2[0]" is stuck at VCC File: F:/FPGADesign/component_tutorial/component_tutorial.v Line: 26
    Warning (13410): Pin "HEX2[1]" is stuck at GND File: F:/FPGADesign/component_tutorial/component_tutorial.v Line: 26
    Warning (13410): Pin "HEX2[2]" is stuck at GND File: F:/FPGADesign/component_tutorial/component_tutorial.v Line: 26
    Warning (13410): Pin "HEX2[3]" is stuck at GND File: F:/FPGADesign/component_tutorial/component_tutorial.v Line: 26
    Warning (13410): Pin "HEX2[4]" is stuck at GND File: F:/FPGADesign/component_tutorial/component_tutorial.v Line: 26
    Warning (13410): Pin "HEX2[5]" is stuck at GND File: F:/FPGADesign/component_tutorial/component_tutorial.v Line: 26
    Warning (13410): Pin "HEX2[6]" is stuck at GND File: F:/FPGADesign/component_tutorial/component_tutorial.v Line: 26
    Warning (13410): Pin "HEX3[0]" is stuck at GND File: F:/FPGADesign/component_tutorial/component_tutorial.v Line: 27
    Warning (13410): Pin "HEX3[1]" is stuck at GND File: F:/FPGADesign/component_tutorial/component_tutorial.v Line: 27
    Warning (13410): Pin "HEX3[2]" is stuck at GND File: F:/FPGADesign/component_tutorial/component_tutorial.v Line: 27
    Warning (13410): Pin "HEX3[3]" is stuck at GND File: F:/FPGADesign/component_tutorial/component_tutorial.v Line: 27
    Warning (13410): Pin "HEX3[4]" is stuck at GND File: F:/FPGADesign/component_tutorial/component_tutorial.v Line: 27
    Warning (13410): Pin "HEX3[5]" is stuck at GND File: F:/FPGADesign/component_tutorial/component_tutorial.v Line: 27
    Warning (13410): Pin "HEX3[6]" is stuck at GND File: F:/FPGADesign/component_tutorial/component_tutorial.v Line: 27
    Warning (13410): Pin "HEX4[0]" is stuck at GND File: F:/FPGADesign/component_tutorial/component_tutorial.v Line: 28
    Warning (13410): Pin "HEX4[1]" is stuck at GND File: F:/FPGADesign/component_tutorial/component_tutorial.v Line: 28
    Warning (13410): Pin "HEX4[2]" is stuck at GND File: F:/FPGADesign/component_tutorial/component_tutorial.v Line: 28
    Warning (13410): Pin "HEX4[3]" is stuck at GND File: F:/FPGADesign/component_tutorial/component_tutorial.v Line: 28
    Warning (13410): Pin "HEX4[4]" is stuck at GND File: F:/FPGADesign/component_tutorial/component_tutorial.v Line: 28
    Warning (13410): Pin "HEX4[5]" is stuck at GND File: F:/FPGADesign/component_tutorial/component_tutorial.v Line: 28
    Warning (13410): Pin "HEX4[6]" is stuck at GND File: F:/FPGADesign/component_tutorial/component_tutorial.v Line: 28
    Warning (13410): Pin "HEX5[0]" is stuck at GND File: F:/FPGADesign/component_tutorial/component_tutorial.v Line: 30
    Warning (13410): Pin "HEX5[1]" is stuck at GND File: F:/FPGADesign/component_tutorial/component_tutorial.v Line: 30
    Warning (13410): Pin "HEX5[2]" is stuck at GND File: F:/FPGADesign/component_tutorial/component_tutorial.v Line: 30
    Warning (13410): Pin "HEX5[3]" is stuck at GND File: F:/FPGADesign/component_tutorial/component_tutorial.v Line: 30
    Warning (13410): Pin "HEX5[4]" is stuck at GND File: F:/FPGADesign/component_tutorial/component_tutorial.v Line: 30
    Warning (13410): Pin "HEX5[5]" is stuck at GND File: F:/FPGADesign/component_tutorial/component_tutorial.v Line: 30
    Warning (13410): Pin "HEX5[6]" is stuck at GND File: F:/FPGADesign/component_tutorial/component_tutorial.v Line: 30
Info (17049): 3 registers lost all their fanouts during netlist optimizations.
Info (16010): Generating hard_block partition "hard_block:auto_generated_inst"
    Info (16011): Adding 0 node(s), including 0 DDIO, 0 PLL, 0 transceiver and 0 LCELL
Warning (21074): Design contains 18 input pin(s) that do not drive logic
    Warning (15610): No output dependent on input pin "CLOCK2_50" File: F:/FPGADesign/component_tutorial/component_tutorial.v Line: 9
    Warning (15610): No output dependent on input pin "CLOCK3_50" File: F:/FPGADesign/component_tutorial/component_tutorial.v Line: 10
    Warning (15610): No output dependent on input pin "CLOCK4_50" File: F:/FPGADesign/component_tutorial/component_tutorial.v Line: 11
    Warning (15610): No output dependent on input pin "CLOCK_50" File: F:/FPGADesign/component_tutorial/component_tutorial.v Line: 12
    Warning (15610): No output dependent on input pin "KEY[0]" File: F:/FPGADesign/component_tutorial/component_tutorial.v Line: 15
    Warning (15610): No output dependent on input pin "KEY[1]" File: F:/FPGADesign/component_tutorial/component_tutorial.v Line: 15
    Warning (15610): No output dependent on input pin "KEY[2]" File: F:/FPGADesign/component_tutorial/component_tutorial.v Line: 15
    Warning (15610): No output dependent on input pin "KEY[3]" File: F:/FPGADesign/component_tutorial/component_tutorial.v Line: 15
    Warning (15610): No output dependent on input pin "SW[0]" File: F:/FPGADesign/component_tutorial/component_tutorial.v Line: 18
    Warning (15610): No output dependent on input pin "SW[1]" File: F:/FPGADesign/component_tutorial/component_tutorial.v Line: 18
    Warning (15610): No output dependent on input pin "SW[2]" File: F:/FPGADesign/component_tutorial/component_tutorial.v Line: 18
    Warning (15610): No output dependent on input pin "SW[3]" File: F:/FPGADesign/component_tutorial/component_tutorial.v Line: 18
    Warning (15610): No output dependent on input pin "SW[4]" File: F:/FPGADesign/component_tutorial/component_tutorial.v Line: 18
    Warning (15610): No output dependent on input pin "SW[5]" File: F:/FPGADesign/component_tutorial/component_tutorial.v Line: 18
    Warning (15610): No output dependent on input pin "SW[6]" File: F:/FPGADesign/component_tutorial/component_tutorial.v Line: 18
    Warning (15610): No output dependent on input pin "SW[7]" File: F:/FPGADesign/component_tutorial/component_tutorial.v Line: 18
    Warning (15610): No output dependent on input pin "SW[8]" File: F:/FPGADesign/component_tutorial/component_tutorial.v Line: 18
    Warning (15610): No output dependent on input pin "SW[9]" File: F:/FPGADesign/component_tutorial/component_tutorial.v Line: 18
Info (21057): Implemented 70 device resources after synthesis - the final resource count might be different
    Info (21058): Implemented 18 input pins
    Info (21059): Implemented 52 output pins
Info: Quartus Prime Analysis & Synthesis was successful. 0 errors, 79 warnings
    Info: Peak virtual memory: 4805 megabytes
    Info: Processing ended: Thu Oct 22 16:39:09 2020
    Info: Elapsed time: 00:00:07
    Info: Total CPU time (on all processors): 00:00:17


