Info: Starting: Create block symbol file (.bsf)
Info: qsys-generate /home/matt/Documents/FPGAdesign/component_tutorial/embedded_system.qsys --block-symbol-file --output-directory=/home/matt/Documents/FPGAdesign/component_tutorial/embedded_system --family="Cyclone V" --part=5CSXFC6D6F31C6
Progress: Loading component_tutorial/embedded_system.qsys
Progress: Reading input file
Progress: Adding clk_0 [clock_source 20.1]
Progress: Parameterizing module clk_0
Progress: Adding master_0 [altera_jtag_avalon_master 20.1]
Progress: Parameterizing module master_0
Progress: Adding reg32_avalon_interface_0 [reg32_avalon_interface 1.0]
Progress: Parameterizing module reg32_avalon_interface_0
Progress: Building connections
Progress: Parameterizing connections
Progress: Validating
Progress: Done reading input file
Info: qsys-generate succeeded.
Info: Finished: Create block symbol file (.bsf)
Info: 
Info: Starting: Create HDL design files for synthesis
Info: qsys-generate /home/matt/Documents/FPGAdesign/component_tutorial/embedded_system.qsys --synthesis=VERILOG --output-directory=/home/matt/Documents/FPGAdesign/component_tutorial/embedded_system/synthesis --family="Cyclone V" --part=5CSXFC6D6F31C6
Progress: Loading component_tutorial/embedded_system.qsys
Progress: Reading input file
Progress: Adding clk_0 [clock_source 20.1]
Progress: Parameterizing module clk_0
Progress: Adding master_0 [altera_jtag_avalon_master 20.1]
Progress: Parameterizing module master_0
Progress: Adding reg32_avalon_interface_0 [reg32_avalon_interface 1.0]
Progress: Parameterizing module reg32_avalon_interface_0
Progress: Building connections
Progress: Parameterizing connections
Progress: Validating
Progress: Done reading input file
Info: embedded_system: Generating embedded_system "embedded_system" for QUARTUS_SYNTH
Info: Interconnect is inserted between master master_0.master and slave reg32_avalon_interface_0.avalon_slave_0 because the master has address signal 32 bit wide, but the slave is 0 bit wide.
Info: Interconnect is inserted between master master_0.master and slave reg32_avalon_interface_0.avalon_slave_0 because the master has waitrequest signal 1 bit wide, but the slave is 0 bit wide.
Info: Interconnect is inserted between master master_0.master and slave reg32_avalon_interface_0.avalon_slave_0 because the master has readdatavalid signal 1 bit wide, but the slave is 0 bit wide.
Info: master_0: "embedded_system" instantiated altera_jtag_avalon_master "master_0"
Info: reg32_avalon_interface_0: "embedded_system" instantiated reg32_avalon_interface "reg32_avalon_interface_0"
Info: mm_interconnect_0: "embedded_system" instantiated altera_mm_interconnect "mm_interconnect_0"
Info: rst_controller: "embedded_system" instantiated altera_reset_controller "rst_controller"
Info: jtag_phy_embedded_in_jtag_master: "master_0" instantiated altera_jtag_dc_streaming "jtag_phy_embedded_in_jtag_master"
Info: timing_adt: "master_0" instantiated timing_adapter "timing_adt"
Info: fifo: "master_0" instantiated altera_avalon_sc_fifo "fifo"
Info: b2p: "master_0" instantiated altera_avalon_st_bytes_to_packets "b2p"
Info: p2b: "master_0" instantiated altera_avalon_st_packets_to_bytes "p2b"
Info: transacto: "master_0" instantiated altera_avalon_packets_to_master "transacto"
Info: b2p_adapter: "master_0" instantiated channel_adapter "b2p_adapter"
Info: p2b_adapter: "master_0" instantiated channel_adapter "p2b_adapter"
Info: master_0_master_translator: "mm_interconnect_0" instantiated altera_merlin_master_translator "master_0_master_translator"
Info: reg32_avalon_interface_0_avalon_slave_0_translator: "mm_interconnect_0" instantiated altera_merlin_slave_translator "reg32_avalon_interface_0_avalon_slave_0_translator"
Info: embedded_system: Done "embedded_system" with 15 modules, 28 files
Info: qsys-generate succeeded.
Info: Finished: Create HDL design files for synthesis
